#0 building with "desktop-linux" instance using docker driver

#1 [internal] load build definition from Dockerfile.exploit
#1 transferring dockerfile: 938B done
#1 DONE 0.0s

#2 [auth] library/ubuntu:pull token for registry-1.docker.io
#2 DONE 0.0s

#3 [internal] load metadata for docker.io/library/ubuntu:22.04
#3 DONE 1.5s

#4 [internal] load .dockerignore
#4 transferring context: 2B 0.0s done
#4 DONE 0.0s

#5 [build 1/9] FROM docker.io/library/ubuntu:22.04@sha256:c7eb020043d8fc2ae0793fb35a37bff1cf33f156d4d4b12ccc7f3ef8706c38b1
#5 resolve docker.io/library/ubuntu:22.04@sha256:c7eb020043d8fc2ae0793fb35a37bff1cf33f156d4d4b12ccc7f3ef8706c38b1 0.0s done
#5 CACHED

#6 [stage-1 2/3] RUN apt-get update && apt-get install -yq --no-install-recommends     libssl3     && rm -rf /var/lib/apt/lists/*
#6 CACHED

#7 [internal] load build context
#7 transferring context: 13.64kB 0.0s done
#7 DONE 0.0s

#8 [build 2/9] RUN apt-get update && apt-get install -yq --no-install-recommends     build-essential     cmake     libssl-dev     python3     python3-pip     && rm -rf /var/lib/apt/lists/*
#8 0.870 Get:1 http://archive.ubuntu.com/ubuntu jammy InRelease [270 kB]
#8 1.125 Get:2 http://security.ubuntu.com/ubuntu jammy-security InRelease [129 kB]
#8 2.022 Get:3 http://archive.ubuntu.com/ubuntu jammy-updates InRelease [128 kB]
#8 2.138 Get:4 http://security.ubuntu.com/ubuntu jammy-security/main amd64 Packages [3677 kB]
#8 2.292 Get:5 http://archive.ubuntu.com/ubuntu jammy-backports InRelease [127 kB]
#8 2.563 Get:6 http://archive.ubuntu.com/ubuntu jammy/main amd64 Packages [1792 kB]
#8 4.374 Get:7 http://archive.ubuntu.com/ubuntu jammy/universe amd64 Packages [17.5 MB]
#8 5.901 Get:8 http://security.ubuntu.com/ubuntu jammy-security/multiverse amd64 Packages [62.6 kB]
#8 5.930 Get:9 http://security.ubuntu.com/ubuntu jammy-security/universe amd64 Packages [1297 kB]
#8 7.290 Get:10 http://security.ubuntu.com/ubuntu jammy-security/restricted amd64 Packages [6388 kB]
#8 18.88 Get:11 http://archive.ubuntu.com/ubuntu jammy/restricted amd64 Packages [164 kB]
#8 19.15 Get:12 http://archive.ubuntu.com/ubuntu jammy/multiverse amd64 Packages [266 kB]
#8 19.24 Get:13 http://archive.ubuntu.com/ubuntu jammy-updates/main amd64 Packages [4014 kB]
#8 21.54 Get:14 http://archive.ubuntu.com/ubuntu jammy-updates/multiverse amd64 Packages [70.9 kB]
#8 21.55 Get:15 http://archive.ubuntu.com/ubuntu jammy-updates/universe amd64 Packages [1608 kB]
#8 22.15 Get:16 http://archive.ubuntu.com/ubuntu jammy-updates/restricted amd64 Packages [6607 kB]
#8 24.65 Get:17 http://archive.ubuntu.com/ubuntu jammy-backports/main amd64 Packages [83.9 kB]
#8 24.68 Get:18 http://archive.ubuntu.com/ubuntu jammy-backports/universe amd64 Packages [37.2 kB]
#8 24.85 Fetched 44.2 MB in 24s (1811 kB/s)
#8 24.85 Reading package lists...
#8 25.73 Reading package lists...
#8 26.55 Building dependency tree...
#8 26.75 Reading state information...
#8 26.97 The following additional packages will be installed:
#8 26.97   binutils binutils-common binutils-x86-64-linux-gnu bzip2 ca-certificates
#8 26.97   cmake-data cpp cpp-11 dh-elpa-helper dpkg-dev emacsen-common g++ g++-11 gcc
#8 26.97   gcc-11 gcc-11-base libarchive13 libasan6 libatomic1 libbinutils libbrotli1
#8 26.97   libc-dev-bin libc6 libc6-dev libcc1-0 libcrypt-dev libctf-nobfd0 libctf0
#8 26.97   libcurl4 libdpkg-perl libexpat1 libgcc-11-dev libgdbm-compat4 libgdbm6
#8 26.97   libgomp1 libicu70 libisl23 libitm1 libjsoncpp25 libldap-2.5-0 liblsan0
#8 26.97   libmpc3 libmpdec3 libmpfr6 libnghttp2-14 libnsl-dev libperl5.34 libpsl5
#8 26.97   libpython3-stdlib libpython3.10-minimal libpython3.10-stdlib libquadmath0
#8 26.97   libreadline8 librhash0 librtmp1 libsasl2-2 libsasl2-modules-db libsqlite3-0
#8 26.97   libssh-4 libssl3 libstdc++-11-dev libtirpc-dev libtsan0 libubsan1 libuv1
#8 26.97   libxml2 linux-libc-dev lto-disabled-list make media-types openssl patch perl
#8 26.97   perl-modules-5.34 python3-distutils python3-lib2to3 python3-minimal
#8 26.97   python3-pkg-resources python3-setuptools python3-wheel python3.10
#8 26.97   python3.10-minimal readline-common rpcsvc-proto xz-utils
#8 26.98 Suggested packages:
#8 26.98   binutils-doc bzip2-doc cmake-doc ninja-build cmake-format cpp-doc
#8 26.98   gcc-11-locales debian-keyring g++-multilib g++-11-multilib gcc-11-doc
#8 26.98   gcc-multilib manpages-dev autoconf automake libtool flex bison gdb gcc-doc
#8 26.98   gcc-11-multilib lrzip glibc-doc locales gnupg git bzr gdbm-l10n libssl-doc
#8 26.98   libstdc++-11-doc make-doc ed diffutils-doc perl-doc
#8 26.98   libterm-readline-gnu-perl | libterm-readline-perl-perl
#8 26.98   libtap-harness-archive-perl python3-doc python3-tk python3-venv
#8 26.98   python-setuptools-doc python3.10-venv python3.10-doc binfmt-support
#8 26.98   readline-doc
#8 26.98 Recommended packages:
#8 26.98   fakeroot gnupg libalgorithm-merge-perl manpages manpages-dev libc-devtools
#8 26.98   libnss-nis libnss-nisplus libfile-fcntllock-perl liblocale-gettext-perl
#8 26.98   libldap-common publicsuffix libsasl2-modules netbase python3-dev
#8 27.13 The following NEW packages will be installed:
#8 27.13   binutils binutils-common binutils-x86-64-linux-gnu build-essential bzip2
#8 27.13   ca-certificates cmake cmake-data cpp cpp-11 dh-elpa-helper dpkg-dev
#8 27.13   emacsen-common g++ g++-11 gcc gcc-11 gcc-11-base libarchive13 libasan6
#8 27.13   libatomic1 libbinutils libbrotli1 libc-dev-bin libc6-dev libcc1-0
#8 27.13   libcrypt-dev libctf-nobfd0 libctf0 libcurl4 libdpkg-perl libexpat1
#8 27.13   libgcc-11-dev libgdbm-compat4 libgdbm6 libgomp1 libicu70 libisl23 libitm1
#8 27.13   libjsoncpp25 libldap-2.5-0 liblsan0 libmpc3 libmpdec3 libmpfr6 libnghttp2-14
#8 27.13   libnsl-dev libperl5.34 libpsl5 libpython3-stdlib libpython3.10-minimal
#8 27.14   libpython3.10-stdlib libquadmath0 libreadline8 librhash0 librtmp1 libsasl2-2
#8 27.14   libsasl2-modules-db libsqlite3-0 libssh-4 libssl-dev libstdc++-11-dev
#8 27.14   libtirpc-dev libtsan0 libubsan1 libuv1 libxml2 linux-libc-dev
#8 27.14   lto-disabled-list make media-types openssl patch perl perl-modules-5.34
#8 27.14   python3 python3-distutils python3-lib2to3 python3-minimal python3-pip
#8 27.14   python3-pkg-resources python3-setuptools python3-wheel python3.10
#8 27.14   python3.10-minimal readline-common rpcsvc-proto xz-utils
#8 27.14 The following packages will be upgraded:
#8 27.14   libc6 libssl3
#8 28.22 2 upgraded, 88 newly installed, 0 to remove and 2 not upgraded.
#8 28.22 Need to get 110 MB of archives.
#8 28.22 After this operation, 387 MB of additional disk space will be used.
#8 28.22 Get:1 http://archive.ubuntu.com/ubuntu jammy-updates/main amd64 libc6 amd64 2.35-0ubuntu3.13 [3235 kB]
#8 33.99 Get:2 http://archive.ubuntu.com/ubuntu jammy-updates/main amd64 libssl3 amd64 3.0.2-0ubuntu1.21 [1905 kB]
#8 36.06 Get:3 http://archive.ubuntu.com/ubuntu jammy-updates/main amd64 libpython3.10-minimal amd64 3.10.12-1~22.04.14 [816 kB]
#8 36.36 Get:4 http://archive.ubuntu.com/ubuntu jammy-updates/main amd64 libexpat1 amd64 2.4.7-1ubuntu0.6 [92.1 kB]
#8 36.39 Get:5 http://archive.ubuntu.com/ubuntu jammy-updates/main amd64 python3.10-minimal amd64 3.10.12-1~22.04.14 [2275 kB]
#8 37.35 Get:6 http://archive.ubuntu.com/ubuntu jammy-updates/main amd64 python3-minimal amd64 3.10.6-1~22.04.1 [24.3 kB]
#8 37.40 Get:7 http://archive.ubuntu.com/ubuntu jammy/main amd64 media-types all 7.0.0 [25.5 kB]
#8 37.40 Get:8 http://archive.ubuntu.com/ubuntu jammy/main amd64 libmpdec3 amd64 2.5.1-2build2 [86.8 kB]
#8 37.41 Get:9 http://archive.ubuntu.com/ubuntu jammy/main amd64 readline-common all 8.1.2-1 [53.5 kB]
#8 37.41 Get:10 http://archive.ubuntu.com/ubuntu jammy/main amd64 libreadline8 amd64 8.1.2-1 [153 kB]
#8 37.50 Get:11 http://archive.ubuntu.com/ubuntu jammy-updates/main amd64 libsqlite3-0 amd64 3.37.2-2ubuntu0.5 [643 kB]
#8 37.65 Get:12 http://archive.ubuntu.com/ubuntu jammy-updates/main amd64 libpython3.10-stdlib amd64 3.10.12-1~22.04.14 [1850 kB]
#8 38.76 Get:13 http://archive.ubuntu.com/ubuntu jammy-updates/main amd64 python3.10 amd64 3.10.12-1~22.04.14 [509 kB]
#8 38.94 Get:14 http://archive.ubuntu.com/ubuntu jammy-updates/main amd64 libpython3-stdlib amd64 3.10.6-1~22.04.1 [6812 B]
#8 38.94 Get:15 http://archive.ubuntu.com/ubuntu jammy-updates/main amd64 python3 amd64 3.10.6-1~22.04.1 [22.8 kB]
#8 38.95 Get:16 http://archive.ubuntu.com/ubuntu jammy-updates/main amd64 perl-modules-5.34 all 5.34.0-3ubuntu1.5 [2977 kB]
#8 40.36 Get:17 http://archive.ubuntu.com/ubuntu jammy/main amd64 libgdbm6 amd64 1.23-1 [33.9 kB]
#8 40.37 Get:18 http://archive.ubuntu.com/ubuntu jammy/main amd64 libgdbm-compat4 amd64 1.23-1 [6606 B]
#8 40.37 Get:19 http://archive.ubuntu.com/ubuntu jammy-updates/main amd64 libperl5.34 amd64 5.34.0-3ubuntu1.5 [4797 kB]
#8 43.10 Get:20 http://archive.ubuntu.com/ubuntu jammy-updates/main amd64 perl amd64 5.34.0-3ubuntu1.5 [232 kB]
#8 43.11 Get:21 http://archive.ubuntu.com/ubuntu jammy-updates/main amd64 openssl amd64 3.0.2-0ubuntu1.21 [1184 kB]
#8 44.12 Get:22 http://archive.ubuntu.com/ubuntu jammy-updates/main amd64 ca-certificates all 20240203~22.04.1 [162 kB]
#8 44.13 Get:23 http://archive.ubuntu.com/ubuntu jammy/main amd64 libicu70 amd64 70.1-2 [10.6 MB]
#8 50.86 Get:24 http://archive.ubuntu.com/ubuntu jammy-updates/main amd64 libxml2 amd64 2.9.13+dfsg-1ubuntu0.11 [765 kB]
#8 51.85 Get:25 http://archive.ubuntu.com/ubuntu jammy-updates/main amd64 python3-pkg-resources all 59.6.0-1.2ubuntu0.22.04.3 [133 kB]
#8 51.92 Get:26 http://archive.ubuntu.com/ubuntu jammy-updates/main amd64 libnghttp2-14 amd64 1.43.0-1ubuntu0.2 [76.9 kB]
#8 51.96 Get:27 http://archive.ubuntu.com/ubuntu jammy/main amd64 libpsl5 amd64 0.21.0-1.2build2 [58.4 kB]
#8 51.99 Get:28 http://archive.ubuntu.com/ubuntu jammy-updates/main amd64 libuv1 amd64 1.43.0-1ubuntu0.1 [92.7 kB]
#8 52.00 Get:29 http://archive.ubuntu.com/ubuntu jammy/main amd64 xz-utils amd64 5.2.5-2ubuntu1 [84.8 kB]
#8 52.09 Get:30 http://archive.ubuntu.com/ubuntu jammy-updates/main amd64 binutils-common amd64 2.38-4ubuntu2.12 [223 kB]
#8 52.10 Get:31 http://archive.ubuntu.com/ubuntu jammy-updates/main amd64 libbinutils amd64 2.38-4ubuntu2.12 [663 kB]
#8 52.12 Get:32 http://archive.ubuntu.com/ubuntu jammy-updates/main amd64 libctf-nobfd0 amd64 2.38-4ubuntu2.12 [108 kB]
#8 52.18 Get:33 http://archive.ubuntu.com/ubuntu jammy-updates/main amd64 libctf0 amd64 2.38-4ubuntu2.12 [103 kB]
#8 52.25 Get:34 http://archive.ubuntu.com/ubuntu jammy-updates/main amd64 binutils-x86-64-linux-gnu amd64 2.38-4ubuntu2.12 [2324 kB]
#8 53.73 Get:35 http://archive.ubuntu.com/ubuntu jammy-updates/main amd64 binutils amd64 2.38-4ubuntu2.12 [3184 B]
#8 53.73 Get:36 http://archive.ubuntu.com/ubuntu jammy-updates/main amd64 libc-dev-bin amd64 2.35-0ubuntu3.13 [20.3 kB]
#8 53.74 Get:37 http://archive.ubuntu.com/ubuntu jammy-updates/main amd64 linux-libc-dev amd64 5.15.0-168.178 [1310 kB]
#8 54.88 Get:38 http://archive.ubuntu.com/ubuntu jammy/main amd64 libcrypt-dev amd64 1:4.4.27-1 [112 kB]
#8 54.89 Get:39 http://archive.ubuntu.com/ubuntu jammy/main amd64 rpcsvc-proto amd64 1.4.2-0ubuntu6 [68.5 kB]
#8 54.89 Get:40 http://archive.ubuntu.com/ubuntu jammy-updates/main amd64 libtirpc-dev amd64 1.3.2-2ubuntu0.1 [192 kB]
#8 54.90 Get:41 http://archive.ubuntu.com/ubuntu jammy/main amd64 libnsl-dev amd64 1.3.0-2build2 [71.3 kB]
#8 54.90 Get:42 http://archive.ubuntu.com/ubuntu jammy-updates/main amd64 libc6-dev amd64 2.35-0ubuntu3.13 [2101 kB]
#8 56.39 Get:43 http://archive.ubuntu.com/ubuntu jammy-updates/main amd64 gcc-11-base amd64 11.4.0-1ubuntu1~22.04.2 [20.8 kB]
#8 56.39 Get:44 http://archive.ubuntu.com/ubuntu jammy/main amd64 libisl23 amd64 0.24-2build1 [727 kB]
#8 57.03 Get:45 http://archive.ubuntu.com/ubuntu jammy/main amd64 libmpfr6 amd64 4.1.0-3build3 [1425 kB]
#8 57.39 Get:46 http://archive.ubuntu.com/ubuntu jammy/main amd64 libmpc3 amd64 1.2.1-2build1 [46.9 kB]
#8 57.41 Get:47 http://archive.ubuntu.com/ubuntu jammy-updates/main amd64 cpp-11 amd64 11.4.0-1ubuntu1~22.04.2 [10.0 MB]
#8 64.49 Get:48 http://archive.ubuntu.com/ubuntu jammy/main amd64 cpp amd64 4:11.2.0-1ubuntu1 [27.7 kB]
#8 64.49 Get:49 http://archive.ubuntu.com/ubuntu jammy-updates/main amd64 libcc1-0 amd64 12.3.0-1ubuntu1~22.04.2 [48.3 kB]
#8 64.49 Get:50 http://archive.ubuntu.com/ubuntu jammy-updates/main amd64 libgomp1 amd64 12.3.0-1ubuntu1~22.04.2 [127 kB]
#8 64.50 Get:51 http://archive.ubuntu.com/ubuntu jammy-updates/main amd64 libitm1 amd64 12.3.0-1ubuntu1~22.04.2 [30.2 kB]
#8 64.50 Get:52 http://archive.ubuntu.com/ubuntu jammy-updates/main amd64 libatomic1 amd64 12.3.0-1ubuntu1~22.04.2 [10.4 kB]
#8 64.50 Get:53 http://archive.ubuntu.com/ubuntu jammy-updates/main amd64 libasan6 amd64 11.4.0-1ubuntu1~22.04.2 [2283 kB]
#8 65.81 Get:54 http://archive.ubuntu.com/ubuntu jammy-updates/main amd64 liblsan0 amd64 12.3.0-1ubuntu1~22.04.2 [1069 kB]
#8 66.81 Get:55 http://archive.ubuntu.com/ubuntu jammy-updates/main amd64 libtsan0 amd64 11.4.0-1ubuntu1~22.04.2 [2262 kB]
#8 68.27 Get:56 http://archive.ubuntu.com/ubuntu jammy-updates/main amd64 libubsan1 amd64 12.3.0-1ubuntu1~22.04.2 [976 kB]
#8 68.47 Get:57 http://archive.ubuntu.com/ubuntu jammy-updates/main amd64 libquadmath0 amd64 12.3.0-1ubuntu1~22.04.2 [154 kB]
#8 68.47 Get:58 http://archive.ubuntu.com/ubuntu jammy-updates/main amd64 libgcc-11-dev amd64 11.4.0-1ubuntu1~22.04.2 [2517 kB]
#8 69.79 Get:59 http://archive.ubuntu.com/ubuntu jammy-updates/main amd64 gcc-11 amd64 11.4.0-1ubuntu1~22.04.2 [20.1 MB]
#8 80.43 Get:60 http://archive.ubuntu.com/ubuntu jammy/main amd64 gcc amd64 4:11.2.0-1ubuntu1 [5112 B]
#8 80.43 Get:61 http://archive.ubuntu.com/ubuntu jammy-updates/main amd64 libstdc++-11-dev amd64 11.4.0-1ubuntu1~22.04.2 [2101 kB]
#8 80.75 Get:62 http://archive.ubuntu.com/ubuntu jammy-updates/main amd64 g++-11 amd64 11.4.0-1ubuntu1~22.04.2 [11.4 MB]
#8 87.61 Get:63 http://archive.ubuntu.com/ubuntu jammy/main amd64 g++ amd64 4:11.2.0-1ubuntu1 [1412 B]
#8 87.61 Get:64 http://archive.ubuntu.com/ubuntu jammy/main amd64 make amd64 4.3-4.1build1 [180 kB]
#8 87.61 Get:65 http://archive.ubuntu.com/ubuntu jammy-updates/main amd64 libdpkg-perl all 1.21.1ubuntu2.6 [237 kB]
#8 87.62 Get:66 http://archive.ubuntu.com/ubuntu jammy/main amd64 bzip2 amd64 1.0.8-5build1 [34.8 kB]
#8 87.63 Get:67 http://archive.ubuntu.com/ubuntu jammy/main amd64 patch amd64 2.7.6-7build2 [109 kB]
#8 87.64 Get:68 http://archive.ubuntu.com/ubuntu jammy/main amd64 lto-disabled-list all 24 [12.5 kB]
#8 87.64 Get:69 http://archive.ubuntu.com/ubuntu jammy-updates/main amd64 dpkg-dev all 1.21.1ubuntu2.6 [922 kB]
#8 87.66 Get:70 http://archive.ubuntu.com/ubuntu jammy/main amd64 build-essential amd64 12.9ubuntu3 [4744 B]
#8 87.66 Get:71 http://archive.ubuntu.com/ubuntu jammy-updates/main amd64 libarchive13 amd64 3.6.0-1ubuntu1.5 [368 kB]
#8 87.99 Get:72 http://archive.ubuntu.com/ubuntu jammy/main amd64 libbrotli1 amd64 1.0.9-2build6 [315 kB]
#8 88.73 Get:73 http://archive.ubuntu.com/ubuntu jammy-updates/main amd64 libsasl2-modules-db amd64 2.1.27+dfsg2-3ubuntu1.2 [20.5 kB]
#8 88.73 Get:74 http://archive.ubuntu.com/ubuntu jammy-updates/main amd64 libsasl2-2 amd64 2.1.27+dfsg2-3ubuntu1.2 [53.8 kB]
#8 88.76 Get:75 http://archive.ubuntu.com/ubuntu jammy-updates/main amd64 libldap-2.5-0 amd64 2.5.20+dfsg-0ubuntu0.22.04.1 [184 kB]
#8 88.81 Get:76 http://archive.ubuntu.com/ubuntu jammy/main amd64 librtmp1 amd64 2.4+20151223.gitfa8646d.1-2build4 [58.2 kB]
#8 88.87 Get:77 http://archive.ubuntu.com/ubuntu jammy-updates/main amd64 libssh-4 amd64 0.9.6-2ubuntu0.22.04.5 [187 kB]
#8 88.95 Get:78 http://archive.ubuntu.com/ubuntu jammy-updates/main amd64 libcurl4 amd64 7.81.0-1ubuntu1.21 [290 kB]
#8 88.97 Get:79 http://archive.ubuntu.com/ubuntu jammy/main amd64 libjsoncpp25 amd64 1.9.5-3 [80.0 kB]
#8 88.97 Get:80 http://archive.ubuntu.com/ubuntu jammy/main amd64 librhash0 amd64 1.4.2-1ubuntu1 [125 kB]
#8 88.97 Get:81 http://archive.ubuntu.com/ubuntu jammy/main amd64 dh-elpa-helper all 2.0.9ubuntu1 [7610 B]
#8 89.07 Get:82 http://archive.ubuntu.com/ubuntu jammy/main amd64 emacsen-common all 3.0.4 [14.9 kB]
#8 89.08 Get:83 http://archive.ubuntu.com/ubuntu jammy-updates/main amd64 cmake-data all 3.22.1-1ubuntu1.22.04.2 [1913 kB]
#8 90.19 Get:84 http://archive.ubuntu.com/ubuntu jammy-updates/main amd64 cmake amd64 3.22.1-1ubuntu1.22.04.2 [5010 kB]
#8 92.69 Get:85 http://archive.ubuntu.com/ubuntu jammy-updates/main amd64 libssl-dev amd64 3.0.2-0ubuntu1.21 [2375 kB]
#8 94.11 Get:86 http://archive.ubuntu.com/ubuntu jammy-updates/main amd64 python3-lib2to3 all 3.10.8-1~22.04 [77.6 kB]
#8 94.15 Get:87 http://archive.ubuntu.com/ubuntu jammy-updates/main amd64 python3-distutils all 3.10.8-1~22.04 [139 kB]
#8 94.22 Get:88 http://archive.ubuntu.com/ubuntu jammy-updates/main amd64 python3-setuptools all 59.6.0-1.2ubuntu0.22.04.3 [340 kB]
#8 94.40 Get:89 http://archive.ubuntu.com/ubuntu jammy-updates/universe amd64 python3-wheel all 0.37.1-2ubuntu0.22.04.1 [32.0 kB]
#8 94.42 Get:90 http://archive.ubuntu.com/ubuntu jammy-updates/universe amd64 python3-pip all 22.0.2+dfsg-1ubuntu0.7 [1306 kB]
#8 95.70 debconf: delaying package configuration, since apt-utils is not installed
#8 95.73 Fetched 110 MB in 1min 8s (1608 kB/s)
#8 95.79 (Reading database ... (Reading database ... 5%(Reading database ... 10%(Reading database ... 15%(Reading database ... 20%(Reading database ... 25%(Reading database ... 30%(Reading database ... 35%(Reading database ... 40%(Reading database ... 45%(Reading database ... 50%(Reading database ... 55%(Reading database ... 60%(Reading database ... 65%(Reading database ... 70%(Reading database ... 75%(Reading database ... 80%(Reading database ... 85%(Reading database ... 90%(Reading database ... 95%(Reading database ... 100%(Reading database ... 4393 files and directories currently installed.)
#8 95.79 Preparing to unpack .../libc6_2.35-0ubuntu3.13_amd64.deb ...
#8 95.86 debconf: unable to initialize frontend: Dialog
#8 95.86 debconf: (TERM is not set, so the dialog frontend is not usable.)
#8 95.86 debconf: falling back to frontend: Readline
#8 95.86 debconf: unable to initialize frontend: Readline
#8 95.86 debconf: (Can't locate Term/ReadLine.pm in @INC (you may need to install the Term::ReadLine module) (@INC contains: /etc/perl /usr/local/lib/x86_64-linux-gnu/perl/5.34.0 /usr/local/share/perl/5.34.0 /usr/lib/x86_64-linux-gnu/perl5/5.34 /usr/share/perl5 /usr/lib/x86_64-linux-gnu/perl-base /usr/lib/x86_64-linux-gnu/perl/5.34 /usr/share/perl/5.34 /usr/local/lib/site_perl) at /usr/share/perl5/Debconf/FrontEnd/Readline.pm line 7.)
#8 95.86 debconf: falling back to frontend: Teletype
#8 95.90 Unpacking libc6:amd64 (2.35-0ubuntu3.13) over (2.35-0ubuntu3.11) ...
#8 97.42 Setting up libc6:amd64 (2.35-0ubuntu3.13) ...
#8 97.49 debconf: unable to initialize frontend: Dialog
#8 97.49 debconf: (TERM is not set, so the dialog frontend is not usable.)
#8 97.49 debconf: falling back to frontend: Readline
#8 97.49 debconf: unable to initialize frontend: Readline
#8 97.49 debconf: (Can't locate Term/ReadLine.pm in @INC (you may need to install the Term::ReadLine module) (@INC contains: /etc/perl /usr/local/lib/x86_64-linux-gnu/perl/5.34.0 /usr/local/share/perl/5.34.0 /usr/lib/x86_64-linux-gnu/perl5/5.34 /usr/share/perl5 /usr/lib/x86_64-linux-gnu/perl-base /usr/lib/x86_64-linux-gnu/perl/5.34 /usr/share/perl/5.34 /usr/local/lib/site_perl) at /usr/share/perl5/Debconf/FrontEnd/Readline.pm line 7.)
#8 97.49 debconf: falling back to frontend: Teletype
#8 98.61 (Reading database ... (Reading database ... 5%(Reading database ... 10%(Reading database ... 15%(Reading database ... 20%(Reading database ... 25%(Reading database ... 30%(Reading database ... 35%(Reading database ... 40%(Reading database ... 45%(Reading database ... 50%(Reading database ... 55%(Reading database ... 60%(Reading database ... 65%(Reading database ... 70%(Reading database ... 75%(Reading database ... 80%(Reading database ... 85%(Reading database ... 90%(Reading database ... 95%(Reading database ... 100%(Reading database ... 4393 files and directories currently installed.)
#8 98.61 Preparing to unpack .../libssl3_3.0.2-0ubuntu1.21_amd64.deb ...
#8 98.64 Unpacking libssl3:amd64 (3.0.2-0ubuntu1.21) over (3.0.2-0ubuntu1.20) ...
#8 98.77 Setting up libssl3:amd64 (3.0.2-0ubuntu1.21) ...
#8 98.83 debconf: unable to initialize frontend: Dialog
#8 98.83 debconf: (TERM is not set, so the dialog frontend is not usable.)
#8 98.83 debconf: falling back to frontend: Readline
#8 98.83 debconf: unable to initialize frontend: Readline
#8 98.83 debconf: (Can't locate Term/ReadLine.pm in @INC (you may need to install the Term::ReadLine module) (@INC contains: /etc/perl /usr/local/lib/x86_64-linux-gnu/perl/5.34.0 /usr/local/share/perl/5.34.0 /usr/lib/x86_64-linux-gnu/perl5/5.34 /usr/share/perl5 /usr/lib/x86_64-linux-gnu/perl-base /usr/lib/x86_64-linux-gnu/perl/5.34 /usr/share/perl/5.34 /usr/local/lib/site_perl) at /usr/share/perl5/Debconf/FrontEnd/Readline.pm line 7.)
#8 98.83 debconf: falling back to frontend: Teletype
#8 98.91 Selecting previously unselected package libpython3.10-minimal:amd64.
#8 98.91 (Reading database ... (Reading database ... 5%(Reading database ... 10%(Reading database ... 15%(Reading database ... 20%(Reading database ... 25%(Reading database ... 30%(Reading database ... 35%(Reading database ... 40%(Reading database ... 45%(Reading database ... 50%(Reading database ... 55%(Reading database ... 60%(Reading database ... 65%(Reading database ... 70%(Reading database ... 75%(Reading database ... 80%(Reading database ... 85%(Reading database ... 90%(Reading database ... 95%(Reading database ... 100%(Reading database ... 4393 files and directories currently installed.)
#8 98.91 Preparing to unpack .../libpython3.10-minimal_3.10.12-1~22.04.14_amd64.deb ...
#8 98.92 Unpacking libpython3.10-minimal:amd64 (3.10.12-1~22.04.14) ...
#8 99.01 Selecting previously unselected package libexpat1:amd64.
#8 99.01 Preparing to unpack .../libexpat1_2.4.7-1ubuntu0.6_amd64.deb ...
#8 99.02 Unpacking libexpat1:amd64 (2.4.7-1ubuntu0.6) ...
#8 99.09 Selecting previously unselected package python3.10-minimal.
#8 99.09 Preparing to unpack .../python3.10-minimal_3.10.12-1~22.04.14_amd64.deb ...
#8 99.11 Unpacking python3.10-minimal (3.10.12-1~22.04.14) ...
#8 99.18 Setting up libpython3.10-minimal:amd64 (3.10.12-1~22.04.14) ...
#8 99.22 Setting up libexpat1:amd64 (2.4.7-1ubuntu0.6) ...
#8 99.25 Setting up python3.10-minimal (3.10.12-1~22.04.14) ...
#8 99.70 Selecting previously unselected package python3-minimal.
#8 99.70 (Reading database ... (Reading database ... 5%(Reading database ... 10%(Reading database ... 15%(Reading database ... 20%(Reading database ... 25%(Reading database ... 30%(Reading database ... 35%(Reading database ... 40%(Reading database ... 45%(Reading database ... 50%(Reading database ... 55%(Reading database ... 60%(Reading database ... 65%(Reading database ... 70%(Reading database ... 75%(Reading database ... 80%(Reading database ... 85%(Reading database ... 90%(Reading database ... 95%(Reading database ... 100%(Reading database ... 4697 files and directories currently installed.)
#8 99.70 Preparing to unpack .../0-python3-minimal_3.10.6-1~22.04.1_amd64.deb ...
#8 99.71 Unpacking python3-minimal (3.10.6-1~22.04.1) ...
#8 99.77 Selecting previously unselected package media-types.
#8 99.77 Preparing to unpack .../1-media-types_7.0.0_all.deb ...
#8 99.78 Unpacking media-types (7.0.0) ...
#8 99.85 Selecting previously unselected package libmpdec3:amd64.
#8 99.85 Preparing to unpack .../2-libmpdec3_2.5.1-2build2_amd64.deb ...
#8 99.86 Unpacking libmpdec3:amd64 (2.5.1-2build2) ...
#8 99.92 Selecting previously unselected package readline-common.
#8 99.92 Preparing to unpack .../3-readline-common_8.1.2-1_all.deb ...
#8 99.93 Unpacking readline-common (8.1.2-1) ...
#8 100.0 Selecting previously unselected package libreadline8:amd64.
#8 100.0 Preparing to unpack .../4-libreadline8_8.1.2-1_amd64.deb ...
#8 100.0 Unpacking libreadline8:amd64 (8.1.2-1) ...
#8 100.1 Selecting previously unselected package libsqlite3-0:amd64.
#8 100.1 Preparing to unpack .../5-libsqlite3-0_3.37.2-2ubuntu0.5_amd64.deb ...
#8 100.1 Unpacking libsqlite3-0:amd64 (3.37.2-2ubuntu0.5) ...
#8 100.2 Selecting previously unselected package libpython3.10-stdlib:amd64.
#8 100.2 Preparing to unpack .../6-libpython3.10-stdlib_3.10.12-1~22.04.14_amd64.deb ...
#8 100.2 Unpacking libpython3.10-stdlib:amd64 (3.10.12-1~22.04.14) ...
#8 100.3 Selecting previously unselected package python3.10.
#8 100.3 Preparing to unpack .../7-python3.10_3.10.12-1~22.04.14_amd64.deb ...
#8 100.3 Unpacking python3.10 (3.10.12-1~22.04.14) ...
#8 100.3 Selecting previously unselected package libpython3-stdlib:amd64.
#8 100.3 Preparing to unpack .../8-libpython3-stdlib_3.10.6-1~22.04.1_amd64.deb ...
#8 100.3 Unpacking libpython3-stdlib:amd64 (3.10.6-1~22.04.1) ...
#8 100.4 Setting up python3-minimal (3.10.6-1~22.04.1) ...
#8 100.6 Selecting previously unselected package python3.
#8 100.6 (Reading database ... (Reading database ... 5%(Reading database ... 10%(Reading database ... 15%(Reading database ... 20%(Reading database ... 25%(Reading database ... 30%(Reading database ... 35%(Reading database ... 40%(Reading database ... 45%(Reading database ... 50%(Reading database ... 55%(Reading database ... 60%(Reading database ... 65%(Reading database ... 70%(Reading database ... 75%(Reading database ... 80%(Reading database ... 85%(Reading database ... 90%(Reading database ... 95%(Reading database ... 100%(Reading database ... 5127 files and directories currently installed.)
#8 100.6 Preparing to unpack .../00-python3_3.10.6-1~22.04.1_amd64.deb ...
#8 100.6 Unpacking python3 (3.10.6-1~22.04.1) ...
#8 100.6 Selecting previously unselected package perl-modules-5.34.
#8 100.6 Preparing to unpack .../01-perl-modules-5.34_5.34.0-3ubuntu1.5_all.deb ...
#8 100.7 Unpacking perl-modules-5.34 (5.34.0-3ubuntu1.5) ...
#8 100.9 Selecting previously unselected package libgdbm6:amd64.
#8 100.9 Preparing to unpack .../02-libgdbm6_1.23-1_amd64.deb ...
#8 100.9 Unpacking libgdbm6:amd64 (1.23-1) ...
#8 100.9 Selecting previously unselected package libgdbm-compat4:amd64.
#8 101.0 Preparing to unpack .../03-libgdbm-compat4_1.23-1_amd64.deb ...
#8 101.0 Unpacking libgdbm-compat4:amd64 (1.23-1) ...
#8 101.0 Selecting previously unselected package libperl5.34:amd64.
#8 101.0 Preparing to unpack .../04-libperl5.34_5.34.0-3ubuntu1.5_amd64.deb ...
#8 101.0 Unpacking libperl5.34:amd64 (5.34.0-3ubuntu1.5) ...
#8 101.2 Selecting previously unselected package perl.
#8 101.2 Preparing to unpack .../05-perl_5.34.0-3ubuntu1.5_amd64.deb ...
#8 101.2 Unpacking perl (5.34.0-3ubuntu1.5) ...
#8 101.3 Selecting previously unselected package openssl.
#8 101.3 Preparing to unpack .../06-openssl_3.0.2-0ubuntu1.21_amd64.deb ...
#8 101.3 Unpacking openssl (3.0.2-0ubuntu1.21) ...
#8 101.4 Selecting previously unselected package ca-certificates.
#8 101.4 Preparing to unpack .../07-ca-certificates_20240203~22.04.1_all.deb ...
#8 101.4 Unpacking ca-certificates (20240203~22.04.1) ...
#8 101.5 Selecting previously unselected package libicu70:amd64.
#8 101.5 Preparing to unpack .../08-libicu70_70.1-2_amd64.deb ...
#8 101.5 Unpacking libicu70:amd64 (70.1-2) ...
#8 101.7 Selecting previously unselected package libxml2:amd64.
#8 101.7 Preparing to unpack .../09-libxml2_2.9.13+dfsg-1ubuntu0.11_amd64.deb ...
#8 101.7 Unpacking libxml2:amd64 (2.9.13+dfsg-1ubuntu0.11) ...
#8 101.8 Selecting previously unselected package python3-pkg-resources.
#8 101.8 Preparing to unpack .../10-python3-pkg-resources_59.6.0-1.2ubuntu0.22.04.3_all.deb ...
#8 101.8 Unpacking python3-pkg-resources (59.6.0-1.2ubuntu0.22.04.3) ...
#8 101.9 Selecting previously unselected package libnghttp2-14:amd64.
#8 101.9 Preparing to unpack .../11-libnghttp2-14_1.43.0-1ubuntu0.2_amd64.deb ...
#8 101.9 Unpacking libnghttp2-14:amd64 (1.43.0-1ubuntu0.2) ...
#8 101.9 Selecting previously unselected package libpsl5:amd64.
#8 101.9 Preparing to unpack .../12-libpsl5_0.21.0-1.2build2_amd64.deb ...
#8 101.9 Unpacking libpsl5:amd64 (0.21.0-1.2build2) ...
#8 102.0 Selecting previously unselected package libuv1:amd64.
#8 102.0 Preparing to unpack .../13-libuv1_1.43.0-1ubuntu0.1_amd64.deb ...
#8 102.0 Unpacking libuv1:amd64 (1.43.0-1ubuntu0.1) ...
#8 102.1 Selecting previously unselected package xz-utils.
#8 102.1 Preparing to unpack .../14-xz-utils_5.2.5-2ubuntu1_amd64.deb ...
#8 102.1 Unpacking xz-utils (5.2.5-2ubuntu1) ...
#8 103.0 Selecting previously unselected package binutils-common:amd64.
#8 103.0 Preparing to unpack .../15-binutils-common_2.38-4ubuntu2.12_amd64.deb ...
#8 103.0 Unpacking binutils-common:amd64 (2.38-4ubuntu2.12) ...
#8 103.1 Selecting previously unselected package libbinutils:amd64.
#8 103.1 Preparing to unpack .../16-libbinutils_2.38-4ubuntu2.12_amd64.deb ...
#8 103.1 Unpacking libbinutils:amd64 (2.38-4ubuntu2.12) ...
#8 103.1 Selecting previously unselected package libctf-nobfd0:amd64.
#8 103.1 Preparing to unpack .../17-libctf-nobfd0_2.38-4ubuntu2.12_amd64.deb ...
#8 103.2 Unpacking libctf-nobfd0:amd64 (2.38-4ubuntu2.12) ...
#8 103.2 Selecting previously unselected package libctf0:amd64.
#8 103.2 Preparing to unpack .../18-libctf0_2.38-4ubuntu2.12_amd64.deb ...
#8 103.2 Unpacking libctf0:amd64 (2.38-4ubuntu2.12) ...
#8 103.3 Selecting previously unselected package binutils-x86-64-linux-gnu.
#8 103.3 Preparing to unpack .../19-binutils-x86-64-linux-gnu_2.38-4ubuntu2.12_amd64.deb ...
#8 103.3 Unpacking binutils-x86-64-linux-gnu (2.38-4ubuntu2.12) ...
#8 103.4 Selecting previously unselected package binutils.
#8 103.4 Preparing to unpack .../20-binutils_2.38-4ubuntu2.12_amd64.deb ...
#8 103.4 Unpacking binutils (2.38-4ubuntu2.12) ...
#8 103.5 Selecting previously unselected package libc-dev-bin.
#8 103.5 Preparing to unpack .../21-libc-dev-bin_2.35-0ubuntu3.13_amd64.deb ...
#8 103.5 Unpacking libc-dev-bin (2.35-0ubuntu3.13) ...
#8 103.5 Selecting previously unselected package linux-libc-dev:amd64.
#8 103.5 Preparing to unpack .../22-linux-libc-dev_5.15.0-168.178_amd64.deb ...
#8 103.6 Unpacking linux-libc-dev:amd64 (5.15.0-168.178) ...
#8 103.7 Selecting previously unselected package libcrypt-dev:amd64.
#8 103.7 Preparing to unpack .../23-libcrypt-dev_1%3a4.4.27-1_amd64.deb ...
#8 103.7 Unpacking libcrypt-dev:amd64 (1:4.4.27-1) ...
#8 103.8 Selecting previously unselected package rpcsvc-proto.
#8 103.8 Preparing to unpack .../24-rpcsvc-proto_1.4.2-0ubuntu6_amd64.deb ...
#8 103.8 Unpacking rpcsvc-proto (1.4.2-0ubuntu6) ...
#8 103.8 Selecting previously unselected package libtirpc-dev:amd64.
#8 103.8 Preparing to unpack .../25-libtirpc-dev_1.3.2-2ubuntu0.1_amd64.deb ...
#8 103.8 Unpacking libtirpc-dev:amd64 (1.3.2-2ubuntu0.1) ...
#8 103.9 Selecting previously unselected package libnsl-dev:amd64.
#8 103.9 Preparing to unpack .../26-libnsl-dev_1.3.0-2build2_amd64.deb ...
#8 103.9 Unpacking libnsl-dev:amd64 (1.3.0-2build2) ...
#8 104.0 Selecting previously unselected package libc6-dev:amd64.
#8 104.0 Preparing to unpack .../27-libc6-dev_2.35-0ubuntu3.13_amd64.deb ...
#8 104.0 Unpacking libc6-dev:amd64 (2.35-0ubuntu3.13) ...
#8 104.1 Selecting previously unselected package gcc-11-base:amd64.
#8 104.1 Preparing to unpack .../28-gcc-11-base_11.4.0-1ubuntu1~22.04.2_amd64.deb ...
#8 104.1 Unpacking gcc-11-base:amd64 (11.4.0-1ubuntu1~22.04.2) ...
#8 104.2 Selecting previously unselected package libisl23:amd64.
#8 104.2 Preparing to unpack .../29-libisl23_0.24-2build1_amd64.deb ...
#8 104.2 Unpacking libisl23:amd64 (0.24-2build1) ...
#8 104.3 Selecting previously unselected package libmpfr6:amd64.
#8 104.3 Preparing to unpack .../30-libmpfr6_4.1.0-3build3_amd64.deb ...
#8 104.3 Unpacking libmpfr6:amd64 (4.1.0-3build3) ...
#8 104.4 Selecting previously unselected package libmpc3:amd64.
#8 104.4 Preparing to unpack .../31-libmpc3_1.2.1-2build1_amd64.deb ...
#8 104.4 Unpacking libmpc3:amd64 (1.2.1-2build1) ...
#8 104.4 Selecting previously unselected package cpp-11.
#8 104.4 Preparing to unpack .../32-cpp-11_11.4.0-1ubuntu1~22.04.2_amd64.deb ...
#8 104.5 Unpacking cpp-11 (11.4.0-1ubuntu1~22.04.2) ...
#8 104.6 Selecting previously unselected package cpp.
#8 104.6 Preparing to unpack .../33-cpp_4%3a11.2.0-1ubuntu1_amd64.deb ...
#8 104.6 Unpacking cpp (4:11.2.0-1ubuntu1) ...
#8 104.7 Selecting previously unselected package libcc1-0:amd64.
#8 104.7 Preparing to unpack .../34-libcc1-0_12.3.0-1ubuntu1~22.04.2_amd64.deb ...
#8 104.7 Unpacking libcc1-0:amd64 (12.3.0-1ubuntu1~22.04.2) ...
#8 104.8 Selecting previously unselected package libgomp1:amd64.
#8 104.8 Preparing to unpack .../35-libgomp1_12.3.0-1ubuntu1~22.04.2_amd64.deb ...
#8 104.8 Unpacking libgomp1:amd64 (12.3.0-1ubuntu1~22.04.2) ...
#8 104.8 Selecting previously unselected package libitm1:amd64.
#8 104.8 Preparing to unpack .../36-libitm1_12.3.0-1ubuntu1~22.04.2_amd64.deb ...
#8 104.8 Unpacking libitm1:amd64 (12.3.0-1ubuntu1~22.04.2) ...
#8 104.9 Selecting previously unselected package libatomic1:amd64.
#8 104.9 Preparing to unpack .../37-libatomic1_12.3.0-1ubuntu1~22.04.2_amd64.deb ...
#8 104.9 Unpacking libatomic1:amd64 (12.3.0-1ubuntu1~22.04.2) ...
#8 105.0 Selecting previously unselected package libasan6:amd64.
#8 105.0 Preparing to unpack .../38-libasan6_11.4.0-1ubuntu1~22.04.2_amd64.deb ...
#8 105.0 Unpacking libasan6:amd64 (11.4.0-1ubuntu1~22.04.2) ...
#8 105.1 Selecting previously unselected package liblsan0:amd64.
#8 105.1 Preparing to unpack .../39-liblsan0_12.3.0-1ubuntu1~22.04.2_amd64.deb ...
#8 105.1 Unpacking liblsan0:amd64 (12.3.0-1ubuntu1~22.04.2) ...
#8 105.2 Selecting previously unselected package libtsan0:amd64.
#8 105.2 Preparing to unpack .../40-libtsan0_11.4.0-1ubuntu1~22.04.2_amd64.deb ...
#8 105.2 Unpacking libtsan0:amd64 (11.4.0-1ubuntu1~22.04.2) ...
#8 105.3 Selecting previously unselected package libubsan1:amd64.
#8 105.3 Preparing to unpack .../41-libubsan1_12.3.0-1ubuntu1~22.04.2_amd64.deb ...
#8 105.3 Unpacking libubsan1:amd64 (12.3.0-1ubuntu1~22.04.2) ...
#8 105.4 Selecting previously unselected package libquadmath0:amd64.
#8 105.4 Preparing to unpack .../42-libquadmath0_12.3.0-1ubuntu1~22.04.2_amd64.deb ...
#8 105.4 Unpacking libquadmath0:amd64 (12.3.0-1ubuntu1~22.04.2) ...
#8 105.4 Selecting previously unselected package libgcc-11-dev:amd64.
#8 105.4 Preparing to unpack .../43-libgcc-11-dev_11.4.0-1ubuntu1~22.04.2_amd64.deb ...
#8 105.4 Unpacking libgcc-11-dev:amd64 (11.4.0-1ubuntu1~22.04.2) ...
#8 105.6 Selecting previously unselected package gcc-11.
#8 105.6 Preparing to unpack .../44-gcc-11_11.4.0-1ubuntu1~22.04.2_amd64.deb ...
#8 105.6 Unpacking gcc-11 (11.4.0-1ubuntu1~22.04.2) ...
#8 105.8 Selecting previously unselected package gcc.
#8 105.8 Preparing to unpack .../45-gcc_4%3a11.2.0-1ubuntu1_amd64.deb ...
#8 105.8 Unpacking gcc (4:11.2.0-1ubuntu1) ...
#8 105.9 Selecting previously unselected package libstdc++-11-dev:amd64.
#8 105.9 Preparing to unpack .../46-libstdc++-11-dev_11.4.0-1ubuntu1~22.04.2_amd64.deb ...
#8 105.9 Unpacking libstdc++-11-dev:amd64 (11.4.0-1ubuntu1~22.04.2) ...
#8 106.1 Selecting previously unselected package g++-11.
#8 106.1 Preparing to unpack .../47-g++-11_11.4.0-1ubuntu1~22.04.2_amd64.deb ...
#8 106.1 Unpacking g++-11 (11.4.0-1ubuntu1~22.04.2) ...
#8 106.3 Selecting previously unselected package g++.
#8 106.3 Preparing to unpack .../48-g++_4%3a11.2.0-1ubuntu1_amd64.deb ...
#8 106.3 Unpacking g++ (4:11.2.0-1ubuntu1) ...
#8 106.3 Selecting previously unselected package make.
#8 106.3 Preparing to unpack .../49-make_4.3-4.1build1_amd64.deb ...
#8 106.4 Unpacking make (4.3-4.1build1) ...
#8 106.4 Selecting previously unselected package libdpkg-perl.
#8 106.4 Preparing to unpack .../50-libdpkg-perl_1.21.1ubuntu2.6_all.deb ...
#8 106.4 Unpacking libdpkg-perl (1.21.1ubuntu2.6) ...
#8 106.5 Selecting previously unselected package bzip2.
#8 106.5 Preparing to unpack .../51-bzip2_1.0.8-5build1_amd64.deb ...
#8 106.5 Unpacking bzip2 (1.0.8-5build1) ...
#8 106.6 Selecting previously unselected package patch.
#8 106.6 Preparing to unpack .../52-patch_2.7.6-7build2_amd64.deb ...
#8 106.6 Unpacking patch (2.7.6-7build2) ...
#8 106.6 Selecting previously unselected package lto-disabled-list.
#8 106.6 Preparing to unpack .../53-lto-disabled-list_24_all.deb ...
#8 106.7 Unpacking lto-disabled-list (24) ...
#8 106.7 Selecting previously unselected package dpkg-dev.
#8 106.7 Preparing to unpack .../54-dpkg-dev_1.21.1ubuntu2.6_all.deb ...
#8 106.7 Unpacking dpkg-dev (1.21.1ubuntu2.6) ...
#8 106.8 Selecting previously unselected package build-essential.
#8 106.8 Preparing to unpack .../55-build-essential_12.9ubuntu3_amd64.deb ...
#8 106.8 Unpacking build-essential (12.9ubuntu3) ...
#8 106.9 Selecting previously unselected package libarchive13:amd64.
#8 106.9 Preparing to unpack .../56-libarchive13_3.6.0-1ubuntu1.5_amd64.deb ...
#8 106.9 Unpacking libarchive13:amd64 (3.6.0-1ubuntu1.5) ...
#8 106.9 Selecting previously unselected package libbrotli1:amd64.
#8 106.9 Preparing to unpack .../57-libbrotli1_1.0.9-2build6_amd64.deb ...
#8 107.0 Unpacking libbrotli1:amd64 (1.0.9-2build6) ...
#8 107.1 Selecting previously unselected package libsasl2-modules-db:amd64.
#8 107.1 Preparing to unpack .../58-libsasl2-modules-db_2.1.27+dfsg2-3ubuntu1.2_amd64.deb ...
#8 107.1 Unpacking libsasl2-modules-db:amd64 (2.1.27+dfsg2-3ubuntu1.2) ...
#8 107.1 Selecting previously unselected package libsasl2-2:amd64.
#8 107.1 Preparing to unpack .../59-libsasl2-2_2.1.27+dfsg2-3ubuntu1.2_amd64.deb ...
#8 107.2 Unpacking libsasl2-2:amd64 (2.1.27+dfsg2-3ubuntu1.2) ...
#8 107.2 Selecting previously unselected package libldap-2.5-0:amd64.
#8 107.2 Preparing to unpack .../60-libldap-2.5-0_2.5.20+dfsg-0ubuntu0.22.04.1_amd64.deb ...
#8 107.2 Unpacking libldap-2.5-0:amd64 (2.5.20+dfsg-0ubuntu0.22.04.1) ...
#8 107.3 Selecting previously unselected package librtmp1:amd64.
#8 107.3 Preparing to unpack .../61-librtmp1_2.4+20151223.gitfa8646d.1-2build4_amd64.deb ...
#8 107.3 Unpacking librtmp1:amd64 (2.4+20151223.gitfa8646d.1-2build4) ...
#8 107.4 Selecting previously unselected package libssh-4:amd64.
#8 107.4 Preparing to unpack .../62-libssh-4_0.9.6-2ubuntu0.22.04.5_amd64.deb ...
#8 107.4 Unpacking libssh-4:amd64 (0.9.6-2ubuntu0.22.04.5) ...
#8 107.5 Selecting previously unselected package libcurl4:amd64.
#8 107.5 Preparing to unpack .../63-libcurl4_7.81.0-1ubuntu1.21_amd64.deb ...
#8 107.5 Unpacking libcurl4:amd64 (7.81.0-1ubuntu1.21) ...
#8 107.6 Selecting previously unselected package libjsoncpp25:amd64.
#8 107.6 Preparing to unpack .../64-libjsoncpp25_1.9.5-3_amd64.deb ...
#8 107.6 Unpacking libjsoncpp25:amd64 (1.9.5-3) ...
#8 107.7 Selecting previously unselected package librhash0:amd64.
#8 107.7 Preparing to unpack .../65-librhash0_1.4.2-1ubuntu1_amd64.deb ...
#8 107.7 Unpacking librhash0:amd64 (1.4.2-1ubuntu1) ...
#8 107.7 Selecting previously unselected package dh-elpa-helper.
#8 107.7 Preparing to unpack .../66-dh-elpa-helper_2.0.9ubuntu1_all.deb ...
#8 107.7 Unpacking dh-elpa-helper (2.0.9ubuntu1) ...
#8 107.8 Selecting previously unselected package emacsen-common.
#8 107.8 Preparing to unpack .../67-emacsen-common_3.0.4_all.deb ...
#8 107.8 Unpacking emacsen-common (3.0.4) ...
#8 107.9 Selecting previously unselected package cmake-data.
#8 107.9 Preparing to unpack .../68-cmake-data_3.22.1-1ubuntu1.22.04.2_all.deb ...
#8 107.9 Unpacking cmake-data (3.22.1-1ubuntu1.22.04.2) ...
#8 108.2 Selecting previously unselected package cmake.
#8 108.2 Preparing to unpack .../69-cmake_3.22.1-1ubuntu1.22.04.2_amd64.deb ...
#8 108.3 Unpacking cmake (3.22.1-1ubuntu1.22.04.2) ...
#8 108.4 Selecting previously unselected package libssl-dev:amd64.
#8 108.4 Preparing to unpack .../70-libssl-dev_3.0.2-0ubuntu1.21_amd64.deb ...
#8 108.4 Unpacking libssl-dev:amd64 (3.0.2-0ubuntu1.21) ...
#8 108.5 Selecting previously unselected package python3-lib2to3.
#8 108.5 Preparing to unpack .../71-python3-lib2to3_3.10.8-1~22.04_all.deb ...
#8 108.5 Unpacking python3-lib2to3 (3.10.8-1~22.04) ...
#8 108.6 Selecting previously unselected package python3-distutils.
#8 108.6 Preparing to unpack .../72-python3-distutils_3.10.8-1~22.04_all.deb ...
#8 108.6 Unpacking python3-distutils (3.10.8-1~22.04) ...
#8 108.7 Selecting previously unselected package python3-setuptools.
#8 108.7 Preparing to unpack .../73-python3-setuptools_59.6.0-1.2ubuntu0.22.04.3_all.deb ...
#8 108.7 Unpacking python3-setuptools (59.6.0-1.2ubuntu0.22.04.3) ...
#8 108.8 Selecting previously unselected package python3-wheel.
#8 108.8 Preparing to unpack .../74-python3-wheel_0.37.1-2ubuntu0.22.04.1_all.deb ...
#8 108.8 Unpacking python3-wheel (0.37.1-2ubuntu0.22.04.1) ...
#8 108.9 Selecting previously unselected package python3-pip.
#8 108.9 Preparing to unpack .../75-python3-pip_22.0.2+dfsg-1ubuntu0.7_all.deb ...
#8 108.9 Unpacking python3-pip (22.0.2+dfsg-1ubuntu0.7) ...
#8 109.0 Setting up media-types (7.0.0) ...
#8 109.0 Setting up gcc-11-base:amd64 (11.4.0-1ubuntu1~22.04.2) ...
#8 109.1 Setting up lto-disabled-list (24) ...
#8 109.1 Setting up libpsl5:amd64 (0.21.0-1.2build2) ...
#8 109.1 Setting up libbrotli1:amd64 (1.0.9-2build6) ...
#8 109.2 Setting up libsqlite3-0:amd64 (3.37.2-2ubuntu0.5) ...
#8 109.2 Setting up binutils-common:amd64 (2.38-4ubuntu2.12) ...
#8 109.2 Setting up libnghttp2-14:amd64 (1.43.0-1ubuntu0.2) ...
#8 109.2 Setting up linux-libc-dev:amd64 (5.15.0-168.178) ...
#8 109.3 Setting up libctf-nobfd0:amd64 (2.38-4ubuntu2.12) ...
#8 109.3 Setting up libgomp1:amd64 (12.3.0-1ubuntu1~22.04.2) ...
#8 109.3 Setting up perl-modules-5.34 (5.34.0-3ubuntu1.5) ...
#8 109.4 Setting up bzip2 (1.0.8-5build1) ...
#8 109.4 Setting up libasan6:amd64 (11.4.0-1ubuntu1~22.04.2) ...
#8 109.4 Setting up libsasl2-modules-db:amd64 (2.1.27+dfsg2-3ubuntu1.2) ...
#8 109.5 Setting up libtirpc-dev:amd64 (1.3.2-2ubuntu0.1) ...
#8 109.5 Setting up libuv1:amd64 (1.43.0-1ubuntu0.1) ...
#8 109.5 Setting up rpcsvc-proto (1.4.2-0ubuntu6) ...
#8 109.5 Setting up emacsen-common (3.0.4) ...
#8 109.6 Setting up make (4.3-4.1build1) ...
#8 109.6 Setting up libmpfr6:amd64 (4.1.0-3build3) ...
#8 109.6 Setting up librtmp1:amd64 (2.4+20151223.gitfa8646d.1-2build4) ...
#8 109.7 Setting up dh-elpa-helper (2.0.9ubuntu1) ...
#8 109.7 Setting up xz-utils (5.2.5-2ubuntu1) ...
#8 109.7 update-alternatives: using /usr/bin/xz to provide /usr/bin/lzma (lzma) in auto mode
#8 109.7 update-alternatives: warning: skip creation of /usr/share/man/man1/lzma.1.gz because associated file /usr/share/man/man1/xz.1.gz (of link group lzma) doesn't exist
#8 109.7 update-alternatives: warning: skip creation of /usr/share/man/man1/unlzma.1.gz because associated file /usr/share/man/man1/unxz.1.gz (of link group lzma) doesn't exist
#8 109.7 update-alternatives: warning: skip creation of /usr/share/man/man1/lzcat.1.gz because associated file /usr/share/man/man1/xzcat.1.gz (of link group lzma) doesn't exist
#8 109.7 update-alternatives: warning: skip creation of /usr/share/man/man1/lzmore.1.gz because associated file /usr/share/man/man1/xzmore.1.gz (of link group lzma) doesn't exist
#8 109.7 update-alternatives: warning: skip creation of /usr/share/man/man1/lzless.1.gz because associated file /usr/share/man/man1/xzless.1.gz (of link group lzma) doesn't exist
#8 109.7 update-alternatives: warning: skip creation of /usr/share/man/man1/lzdiff.1.gz because associated file /usr/share/man/man1/xzdiff.1.gz (of link group lzma) doesn't exist
#8 109.7 update-alternatives: warning: skip creation of /usr/share/man/man1/lzcmp.1.gz because associated file /usr/share/man/man1/xzcmp.1.gz (of link group lzma) doesn't exist
#8 109.7 update-alternatives: warning: skip creation of /usr/share/man/man1/lzgrep.1.gz because associated file /usr/share/man/man1/xzgrep.1.gz (of link group lzma) doesn't exist
#8 109.7 update-alternatives: warning: skip creation of /usr/share/man/man1/lzegrep.1.gz because associated file /usr/share/man/man1/xzegrep.1.gz (of link group lzma) doesn't exist
#8 109.7 update-alternatives: warning: skip creation of /usr/share/man/man1/lzfgrep.1.gz because associated file /usr/share/man/man1/xzfgrep.1.gz (of link group lzma) doesn't exist
#8 109.7 Setting up libquadmath0:amd64 (12.3.0-1ubuntu1~22.04.2) ...
#8 109.8 Setting up libssl-dev:amd64 (3.0.2-0ubuntu1.21) ...
#8 109.8 Setting up libmpc3:amd64 (1.2.1-2build1) ...
#8 109.8 Setting up libatomic1:amd64 (12.3.0-1ubuntu1~22.04.2) ...
#8 109.9 Setting up patch (2.7.6-7build2) ...
#8 109.9 Setting up libjsoncpp25:amd64 (1.9.5-3) ...
#8 109.9 Setting up libsasl2-2:amd64 (2.1.27+dfsg2-3ubuntu1.2) ...
#8 109.9 Setting up libssh-4:amd64 (0.9.6-2ubuntu0.22.04.5) ...
#8 110.0 Setting up libubsan1:amd64 (12.3.0-1ubuntu1~22.04.2) ...
#8 110.0 Setting up libnsl-dev:amd64 (1.3.0-2build2) ...
#8 110.0 Setting up librhash0:amd64 (1.4.2-1ubuntu1) ...
#8 110.1 Setting up libcrypt-dev:amd64 (1:4.4.27-1) ...
#8 109.2 Setting up libmpdec3:amd64 (2.5.1-2build2) ...
#8 109.3 Setting up cmake-data (3.22.1-1ubuntu1.22.04.2) ...
#8 109.3 Setting up libbinutils:amd64 (2.38-4ubuntu2.12) ...
#8 109.4 Setting up libisl23:amd64 (0.24-2build1) ...
#8 109.4 Setting up libc-dev-bin (2.35-0ubuntu3.13) ...
#8 109.4 Setting up openssl (3.0.2-0ubuntu1.21) ...
#8 109.5 Setting up readline-common (8.1.2-1) ...
#8 109.5 Setting up libcc1-0:amd64 (12.3.0-1ubuntu1~22.04.2) ...
#8 109.5 Setting up liblsan0:amd64 (12.3.0-1ubuntu1~22.04.2) ...
#8 109.5 Setting up libitm1:amd64 (12.3.0-1ubuntu1~22.04.2) ...
#8 109.6 Setting up libgdbm6:amd64 (1.23-1) ...
#8 109.6 Setting up libicu70:amd64 (70.1-2) ...
#8 109.6 Setting up libtsan0:amd64 (11.4.0-1ubuntu1~22.04.2) ...
#8 109.7 Setting up libctf0:amd64 (2.38-4ubuntu2.12) ...
#8 109.7 Setting up cpp-11 (11.4.0-1ubuntu1~22.04.2) ...
#8 109.7 Setting up libreadline8:amd64 (8.1.2-1) ...
#8 109.8 Setting up libldap-2.5-0:amd64 (2.5.20+dfsg-0ubuntu0.22.04.1) ...
#8 109.8 Setting up libpython3.10-stdlib:amd64 (3.10.12-1~22.04.14) ...
#8 109.8 Setting up ca-certificates (20240203~22.04.1) ...
#8 109.9 debconf: unable to initialize frontend: Dialog
#8 109.9 debconf: (TERM is not set, so the dialog frontend is not usable.)
#8 109.9 debconf: falling back to frontend: Readline
#8 110.2 Updating certificates in /etc/ssl/certs...
#8 110.8 146 added, 0 removed; done.
#8 110.8 Setting up libgdbm-compat4:amd64 (1.23-1) ...
#8 110.9 Setting up libgcc-11-dev:amd64 (11.4.0-1ubuntu1~22.04.2) ...
#8 110.9 Setting up cpp (4:11.2.0-1ubuntu1) ...
#8 110.9 Setting up libcurl4:amd64 (7.81.0-1ubuntu1.21) ...
#8 110.9 Setting up libc6-dev:amd64 (2.35-0ubuntu3.13) ...
#8 111.0 Setting up libxml2:amd64 (2.9.13+dfsg-1ubuntu0.11) ...
#8 111.0 Setting up libpython3-stdlib:amd64 (3.10.6-1~22.04.1) ...
#8 111.0 Setting up binutils-x86-64-linux-gnu (2.38-4ubuntu2.12) ...
#8 111.1 Setting up libperl5.34:amd64 (5.34.0-3ubuntu1.5) ...
#8 111.1 Setting up python3.10 (3.10.12-1~22.04.14) ...
#8 111.6 Setting up libarchive13:amd64 (3.6.0-1ubuntu1.5) ...
#8 111.6 Setting up python3 (3.10.6-1~22.04.1) ...
#8 111.6 running python rtupdate hooks for python3.10...
#8 111.6 running python post-rtupdate hooks for python3.10...
#8 111.7 Setting up binutils (2.38-4ubuntu2.12) ...
#8 111.7 Setting up perl (5.34.0-3ubuntu1.5) ...
#8 111.7 Setting up libdpkg-perl (1.21.1ubuntu2.6) ...
#8 111.8 Setting up libstdc++-11-dev:amd64 (11.4.0-1ubuntu1~22.04.2) ...
#8 111.8 Setting up gcc-11 (11.4.0-1ubuntu1~22.04.2) ...
#8 111.8 Setting up cmake (3.22.1-1ubuntu1.22.04.2) ...
#8 111.9 Setting up python3-lib2to3 (3.10.8-1~22.04) ...
#8 111.9 Setting up python3-pkg-resources (59.6.0-1.2ubuntu0.22.04.3) ...
#8 112.1 Setting up python3-distutils (3.10.8-1~22.04) ...
#8 112.2 Setting up python3-setuptools (59.6.0-1.2ubuntu0.22.04.3) ...
#8 112.4 Setting up g++-11 (11.4.0-1ubuntu1~22.04.2) ...
#8 112.4 Setting up python3-wheel (0.37.1-2ubuntu0.22.04.1) ...
#8 112.5 Setting up gcc (4:11.2.0-1ubuntu1) ...
#8 112.5 Setting up dpkg-dev (1.21.1ubuntu2.6) ...
#8 112.6 Setting up python3-pip (22.0.2+dfsg-1ubuntu0.7) ...
#8 113.2 Setting up g++ (4:11.2.0-1ubuntu1) ...
#8 113.2 update-alternatives: using /usr/bin/g++ to provide /usr/bin/c++ (c++) in auto mode
#8 113.2 update-alternatives: warning: skip creation of /usr/share/man/man1/c++.1.gz because associated file /usr/share/man/man1/g++.1.gz (of link group c++) doesn't exist
#8 113.2 Setting up build-essential (12.9ubuntu3) ...
#8 113.2 Processing triggers for libc-bin (2.35-0ubuntu3.11) ...
#8 113.3 Processing triggers for ca-certificates (20240203~22.04.1) ...
#8 113.3 Updating certificates in /etc/ssl/certs...
#8 113.7 0 added, 0 removed; done.
#8 113.7 Running hooks in /etc/ca-certificates/update.d...
#8 113.7 done.
#8 DONE 114.0s

#9 [build 3/9] WORKDIR /chall
#9 DONE 0.1s

#10 [build 4/9] COPY dist/emp-ot /chall/emp-ot
#10 DONE 0.1s

#11 [build 5/9] COPY dist/emp-tool /chall/emp-tool
#11 DONE 0.1s

#12 [build 6/9] COPY dist/emp-zk /chall/emp-zk
#12 DONE 0.1s

#13 [build 7/9] COPY dist/install.py /chall/install.py
#13 DONE 0.1s

#14 [build 8/9] COPY exploit/client.cpp /chall/emp-zk/test/arith/client.cpp
#14 DONE 0.1s

#15 [build 9/9] RUN python3 install.py --deps --tool --ot --zk
#15 0.256 Reading package lists...
#15 0.265 Building dependency tree...
#15 0.265 Reading state information...
#15 0.266 E: Unable to locate package software-properties-common
#15 0.571 Get:1 http://archive.ubuntu.com/ubuntu jammy InRelease [270 kB]
#15 1.377 Get:2 http://archive.ubuntu.com/ubuntu jammy-updates InRelease [128 kB]
#15 1.499 Get:3 http://security.ubuntu.com/ubuntu jammy-security InRelease [129 kB]
#15 1.567 Get:4 http://archive.ubuntu.com/ubuntu jammy-backports InRelease [127 kB]
#15 1.755 Get:5 http://archive.ubuntu.com/ubuntu jammy/multiverse amd64 Packages [266 kB]
#15 1.900 Get:6 http://archive.ubuntu.com/ubuntu jammy/main amd64 Packages [1792 kB]
#15 2.802 Get:7 http://archive.ubuntu.com/ubuntu jammy/universe amd64 Packages [17.5 MB]
#15 3.531 Get:8 http://security.ubuntu.com/ubuntu jammy-security/multiverse amd64 Packages [62.6 kB]
#15 6.878 Get:9 http://security.ubuntu.com/ubuntu jammy-security/main amd64 Packages [3677 kB]
#15 11.44 Get:10 http://archive.ubuntu.com/ubuntu jammy/restricted amd64 Packages [164 kB]
#15 11.63 Get:11 http://archive.ubuntu.com/ubuntu jammy-updates/universe amd64 Packages [1608 kB]
#15 12.61 Get:12 http://archive.ubuntu.com/ubuntu jammy-updates/restricted amd64 Packages [6607 kB]
#15 16.75 Get:13 http://archive.ubuntu.com/ubuntu jammy-updates/main amd64 Packages [4014 kB]
#15 18.64 Get:14 http://archive.ubuntu.com/ubuntu jammy-updates/multiverse amd64 Packages [70.9 kB]
#15 18.68 Get:15 http://archive.ubuntu.com/ubuntu jammy-backports/main amd64 Packages [83.9 kB]
#15 18.72 Get:16 http://archive.ubuntu.com/ubuntu jammy-backports/universe amd64 Packages [37.2 kB]
#15 38.94 Get:17 http://security.ubuntu.com/ubuntu jammy-security/universe amd64 Packages [1297 kB]
#15 46.24 Get:18 http://security.ubuntu.com/ubuntu jammy-security/restricted amd64 Packages [6388 kB]
#15 60.05 Fetched 44.2 MB in 59s (752 kB/s)
#15 60.05 Reading package lists...
#15 60.93 Reading package lists...
#15 61.76 Building dependency tree...
#15 61.97 Reading state information...
#15 62.22 build-essential is already the newest version (12.9ubuntu3).
#15 62.22 cmake is already the newest version (3.22.1-1ubuntu1.22.04.2).
#15 62.22 libssl-dev is already the newest version (3.0.2-0ubuntu1.21).
#15 62.22 0 upgraded, 0 newly installed, 0 to remove and 2 not upgraded.
#15 62.26 -- The C compiler identification is GNU 11.4.0
#15 62.31 -- The CXX compiler identification is GNU 11.4.0
#15 62.31 -- Detecting C compiler ABI info
#15 62.37 -- Detecting C compiler ABI info - done
#15 62.37 -- Check for working C compiler: /usr/bin/cc - skipped
#15 62.37 -- Detecting C compile features
#15 62.37 -- Detecting C compile features - done
#15 62.37 -- Detecting CXX compiler ABI info
#15 62.43 -- Detecting CXX compiler ABI info - done
#15 62.44 -- Check for working CXX compiler: /usr/bin/c++ - skipped
#15 62.44 -- Detecting CXX compile features
#15 62.44 -- Detecting CXX compile features - done
#15 62.44 [34m-- Platform: x86_64[m
#15 62.44 -- [34mBuild type: Release[m
#15 62.44 -- CXX Flags:   -pthread -Wall -funroll-loops -Wno-ignored-attributes -Wno-unused-result -march=native -maes -mrdseed -std=c++11 -O3
#15 62.44 -- Performing Test RDSEED_RUN_RESULT
#15 62.58 -- Performing Test RDSEED_RUN_RESULT - Success
#15 62.58 [32m-- Source of Randomness: rdseed[m
#15 62.59 -- Found OpenSSL: /usr/lib/x86_64-linux-gnu/libcrypto.so (found version "3.0.2")  
#15 62.59 -- Configuring done
#15 62.61 -- Generating done
#15 62.61 -- Build files have been written to: /chall/emp-tool
#15 62.64 [  2%] Building CXX object CMakeFiles/emp-tool.dir/emp-tool/emp-tool.cpp.o
#15 63.00 [  4%] Building CXX object CMakeFiles/emp-tool.dir/emp-tool/circuits/float32_add.cpp.o
#15 63.56 [  6%] Building CXX object CMakeFiles/emp-tool.dir/emp-tool/circuits/float32_cos.cpp.o
#15 64.07 [  8%] Building CXX object CMakeFiles/emp-tool.dir/emp-tool/circuits/float32_div.cpp.o
#15 64.64 [ 10%] Building CXX object CMakeFiles/emp-tool.dir/emp-tool/circuits/float32_eq.cpp.o
#15 65.12 [ 12%] Building CXX object CMakeFiles/emp-tool.dir/emp-tool/circuits/float32_le.cpp.o
#15 65.60 [ 14%] Building CXX object CMakeFiles/emp-tool.dir/emp-tool/circuits/float32_leq.cpp.o
#15 66.09 [ 16%] Building CXX object CMakeFiles/emp-tool.dir/emp-tool/circuits/float32_mul.cpp.o
#15 66.56 [ 18%] Building CXX object CMakeFiles/emp-tool.dir/emp-tool/circuits/float32_sin.cpp.o
#15 67.09 [ 20%] Building CXX object CMakeFiles/emp-tool.dir/emp-tool/circuits/float32_sq.cpp.o
#15 67.56 [ 22%] Building CXX object CMakeFiles/emp-tool.dir/emp-tool/circuits/float32_sqrt.cpp.o
#15 68.05 [ 24%] Building CXX object CMakeFiles/emp-tool.dir/emp-tool/circuits/float32_sub.cpp.o
#15 68.56 [ 26%] Building CXX object CMakeFiles/emp-tool.dir/emp-tool/circuits/float32_exp2.cpp.o
#15 69.10 [ 28%] Building CXX object CMakeFiles/emp-tool.dir/emp-tool/circuits/float32_exp.cpp.o
#15 69.73 [ 30%] Building CXX object CMakeFiles/emp-tool.dir/emp-tool/circuits/float32_ln.cpp.o
#15 70.28 [ 32%] Building CXX object CMakeFiles/emp-tool.dir/emp-tool/circuits/float32_log2.cpp.o
#15 70.78 [ 34%] Linking CXX shared library libemp-tool.so
#15 70.83 [ 34%] Built target emp-tool
#15 70.84 [ 36%] Building CXX object test/CMakeFiles/test_prg.dir/prg.cpp.o
#15 71.92 [ 38%] Linking CXX executable ../bin/test_prg
#15 71.97 [ 38%] Built target test_prg
#15 71.99 [ 40%] Building CXX object test/CMakeFiles/test_hash.dir/hash.cpp.o
#15 72.77 [ 42%] Linking CXX executable ../bin/test_hash
#15 72.85 [ 42%] Built target test_hash
#15 72.86 [ 44%] Building CXX object test/CMakeFiles/test_prp.dir/prp.cpp.o
#15 73.65 [ 46%] Linking CXX executable ../bin/test_prp
#15 73.70 [ 46%] Built target test_prp
#15 73.72 [ 48%] Building CXX object test/CMakeFiles/test_netio.dir/netio.cpp.o
#15 74.87 In file included from /usr/include/string.h:535,
#15 74.87                  from /usr/include/c++/11/cstring:42,
#15 74.87                  from /chall/emp-tool/emp-tool/utils/block.h:19,
#15 74.87                  from /chall/emp-tool/emp-tool/io/io_channel.h:3,
#15 74.87                  from /chall/emp-tool/emp-tool/io/file_io_channel.h:5,
#15 74.87                  from /chall/emp-tool/emp-tool/emp-tool.h:2,
#15 74.87                  from /chall/emp-tool/test/netio.cpp:1:
#15 74.87 In function void* memcpy(void*, const void*, size_t),
#15 74.87     inlined from void emp::RecverSubChannel::recv_data(void*, int) at /chall/emp-tool/emp-tool/io/highspeed_net_io_channel.h:94:10,
#15 74.87     inlined from void emp::HighSpeedNetIO::recv_data_internal(void*, int) at /chall/emp-tool/emp-tool/io/highspeed_net_io_channel.h:247:22,
#15 74.87     inlined from void emp::IOChannel<T>::recv_data(void*, size_t) [with T = emp::HighSpeedNetIO] at /chall/emp-tool/emp-tool/io/io_channel.h:19:31,
#15 74.87     inlined from void emp::IOChannel<T>::recv_bool_aligned(bool*, size_t) [with T = emp::HighSpeedNetIO] at /chall/emp-tool/emp-tool/io/io_channel.h:110:13,
#15 74.87     inlined from void emp::IOChannel<T>::recv_bool(bool*, size_t) [with T = emp::HighSpeedNetIO] at /chall/emp-tool/emp-tool/io/io_channel.h:75:21,
#15 74.87     inlined from void test(T*) [with T = emp::HighSpeedNetIO] at /chall/emp-tool/test/netio.cpp:39:16:
#15 74.87 /usr/include/x86_64-linux-gnu/bits/string_fortified.h:29:33: warning: void* __builtin___memcpy_chk(void*, const void*, long unsigned int, long unsigned int) specified size between 18446744071562100737 and 18446744073709551615 exceeds maximum object size 9223372036854775807 [-Wstringop-overflow=]
#15 74.87    29 |   return __builtin___memcpy_chk (__dest, __src, __len,
#15 74.87       |          ~~~~~~~~~~~~~~~~~~~~~~~^~~~~~~~~~~~~~~~~~~~~~
#15 74.87    30 |                                  __glibc_objsize0 (__dest));
#15 74.87       |                                  ~~~~~~~~~~~~~~~~~~~~~~~~~~
#15 74.87 In function void* memcpy(void*, const void*, size_t),
#15 74.87     inlined from void emp::RecverSubChannel::recv_data(void*, int) at /chall/emp-tool/emp-tool/io/highspeed_net_io_channel.h:94:10,
#15 74.87     inlined from void emp::HighSpeedNetIO::recv_data_internal(void*, int) at /chall/emp-tool/emp-tool/io/highspeed_net_io_channel.h:247:22,
#15 74.87     inlined from void emp::IOChannel<T>::recv_data(void*, size_t) [with T = emp::HighSpeedNetIO] at /chall/emp-tool/emp-tool/io/io_channel.h:19:31,
#15 74.87     inlined from void emp::IOChannel<T>::recv_bool_aligned(bool*, size_t) [with T = emp::HighSpeedNetIO] at /chall/emp-tool/emp-tool/io/io_channel.h:110:13,
#15 74.87     inlined from void emp::IOChannel<T>::recv_bool(bool*, size_t) [with T = emp::HighSpeedNetIO] at /chall/emp-tool/emp-tool/io/io_channel.h:75:21,
#15 74.87     inlined from void test(T*) [with T = emp::HighSpeedNetIO] at /chall/emp-tool/test/netio.cpp:42:16:
#15 74.87 /usr/include/x86_64-linux-gnu/bits/string_fortified.h:29:33: warning: void* __builtin___memcpy_chk(void*, const void*, long unsigned int, long unsigned int) specified size between 18446744071562100737 and 18446744073709551615 exceeds maximum object size 9223372036854775807 [-Wstringop-overflow=]
#15 74.87    29 |   return __builtin___memcpy_chk (__dest, __src, __len,
#15 74.87       |          ~~~~~~~~~~~~~~~~~~~~~~~^~~~~~~~~~~~~~~~~~~~~~
#15 74.87    30 |                                  __glibc_objsize0 (__dest));
#15 74.87       |                                  ~~~~~~~~~~~~~~~~~~~~~~~~~~
#15 74.96 [ 51%] Linking CXX executable ../bin/test_netio
#15 75.03 [ 51%] Built target test_netio
#15 75.04 [ 53%] Building CXX object test/CMakeFiles/test_netio2.dir/netio2.cpp.o
#15 76.13 [ 55%] Linking CXX executable ../bin/test_netio2
#15 76.21 [ 55%] Built target test_netio2
#15 76.22 [ 57%] Building CXX object test/CMakeFiles/test_bit.dir/bit.cpp.o
#15 77.44 [ 59%] Linking CXX executable ../bin/test_bit
#15 77.49 [ 59%] Built target test_bit
#15 77.51 [ 61%] Building CXX object test/CMakeFiles/test_ecc.dir/ecc.cpp.o
#15 78.32 [ 63%] Linking CXX executable ../bin/test_ecc
#15 78.40 [ 63%] Built target test_ecc
#15 78.42 [ 65%] Building CXX object test/CMakeFiles/test_int.dir/int.cpp.o
#15 80.57 [ 67%] Linking CXX executable ../bin/test_int
#15 80.63 [ 67%] Built target test_int
#15 80.64 [ 69%] Building CXX object test/CMakeFiles/test_float.dir/float.cpp.o
#15 82.57 [ 71%] Linking CXX executable ../bin/test_float
#15 82.63 [ 71%] Built target test_float
#15 82.65 [ 73%] Building CXX object test/CMakeFiles/test_garble.dir/garble.cpp.o
#15 84.22 [ 75%] Linking CXX executable ../bin/test_garble
#15 84.28 [ 75%] Built target test_garble
#15 84.29 [ 77%] Building CXX object test/CMakeFiles/test_gen_circuit.dir/gen_circuit.cpp.o
#15 86.72 [ 79%] Linking CXX executable ../bin/test_gen_circuit
#15 86.77 [ 79%] Built target test_gen_circuit
#15 86.79 [ 81%] Building CXX object test/CMakeFiles/test_mitccrh.dir/mitccrh.cpp.o
#15 88.21 [ 83%] Linking CXX executable ../bin/test_mitccrh
#15 88.26 [ 83%] Built target test_mitccrh
#15 88.27 [ 85%] Building CXX object test/CMakeFiles/test_f2k.dir/f2k.cpp.o
#15 89.52 [ 87%] Linking CXX executable ../bin/test_f2k
#15 89.57 [ 87%] Built target test_f2k
#15 89.59 [ 89%] Building CXX object test/CMakeFiles/test_halfgate.dir/halfgate.cpp.o
#15 90.72 [ 91%] Linking CXX executable ../bin/test_halfgate
#15 90.77 [ 91%] Built target test_halfgate
#15 90.79 [ 93%] Building CXX object test/CMakeFiles/test_to_bool.dir/to_bool.cpp.o
#15 91.63 [ 95%] Linking CXX executable ../bin/test_to_bool
#15 91.70 [ 95%] Built target test_to_bool
#15 91.72 [ 97%] Building CXX object test/CMakeFiles/test_aes_opt.dir/aes_opt.cpp.o
#15 92.75 [100%] Linking CXX executable ../bin/test_aes_opt
#15 92.81 [100%] Built target test_aes_opt
#15 92.85 Consolidate compiler generated dependencies of target emp-tool
#15 92.86 [ 34%] Built target emp-tool
#15 92.87 Consolidate compiler generated dependencies of target test_prg
#15 92.88 [ 38%] Built target test_prg
#15 92.88 Consolidate compiler generated dependencies of target test_hash
#15 92.89 [ 42%] Built target test_hash
#15 92.90 Consolidate compiler generated dependencies of target test_prp
#15 92.91 [ 46%] Built target test_prp
#15 92.91 Consolidate compiler generated dependencies of target test_netio
#15 92.92 [ 51%] Built target test_netio
#15 92.93 Consolidate compiler generated dependencies of target test_netio2
#15 92.94 [ 55%] Built target test_netio2
#15 92.95 Consolidate compiler generated dependencies of target test_bit
#15 92.95 [ 59%] Built target test_bit
#15 92.96 Consolidate compiler generated dependencies of target test_ecc
#15 92.97 [ 63%] Built target test_ecc
#15 92.98 Consolidate compiler generated dependencies of target test_int
#15 92.99 [ 67%] Built target test_int
#15 92.99 Consolidate compiler generated dependencies of target test_float
#15 93.00 [ 71%] Built target test_float
#15 93.01 Consolidate compiler generated dependencies of target test_garble
#15 93.02 [ 75%] Built target test_garble
#15 93.03 Consolidate compiler generated dependencies of target test_gen_circuit
#15 93.03 [ 79%] Built target test_gen_circuit
#15 93.04 Consolidate compiler generated dependencies of target test_mitccrh
#15 93.05 [ 83%] Built target test_mitccrh
#15 93.06 Consolidate compiler generated dependencies of target test_f2k
#15 93.06 [ 87%] Built target test_f2k
#15 93.07 Consolidate compiler generated dependencies of target test_halfgate
#15 93.08 [ 91%] Built target test_halfgate
#15 93.09 Consolidate compiler generated dependencies of target test_to_bool
#15 93.10 [ 95%] Built target test_to_bool
#15 93.11 Consolidate compiler generated dependencies of target test_aes_opt
#15 93.11 [100%] Built target test_aes_opt
#15 93.13 Install the project...
#15 93.13 -- Install configuration: "Release"
#15 93.13 -- Installing: /usr/local/include//emp-tool
#15 93.13 -- Installing: /usr/local/include//emp-tool/utils
#15 93.13 -- Installing: /usr/local/include//emp-tool/utils/f2k.h
#15 93.13 -- Installing: /usr/local/include//emp-tool/utils/hash.h
#15 93.13 -- Installing: /usr/local/include//emp-tool/utils/ccrh.h
#15 93.13 -- Installing: /usr/local/include//emp-tool/utils/tccrh.h
#15 93.13 -- Installing: /usr/local/include//emp-tool/utils/constants.h
#15 93.13 -- Installing: /usr/local/include//emp-tool/utils/utils.hpp
#15 93.13 -- Installing: /usr/local/include//emp-tool/utils/group.h
#15 93.13 -- Installing: /usr/local/include//emp-tool/utils/crh.h
#15 93.13 -- Installing: /usr/local/include//emp-tool/utils/prp.h
#15 93.13 -- Installing: /usr/local/include//emp-tool/utils/prg.h
#15 93.13 -- Installing: /usr/local/include//emp-tool/utils/ThreadPool.h
#15 93.13 -- Installing: /usr/local/include//emp-tool/utils/group_openssl.h
#15 93.13 -- Installing: /usr/local/include//emp-tool/utils/utils.h
#15 93.13 -- Installing: /usr/local/include//emp-tool/utils/mitccrh.h
#15 93.13 -- Installing: /usr/local/include//emp-tool/utils/aes_opt.h
#15 93.14 -- Installing: /usr/local/include//emp-tool/utils/block.h
#15 93.14 -- Installing: /usr/local/include//emp-tool/utils/sse2neon.h
#15 93.14 -- Installing: /usr/local/include//emp-tool/utils/aes.h
#15 93.14 -- Installing: /usr/local/include//emp-tool/circuits
#15 93.14 -- Installing: /usr/local/include//emp-tool/circuits/comparable.h
#15 93.14 -- Installing: /usr/local/include//emp-tool/circuits/float32_sqrt.cpp
#15 93.14 -- Installing: /usr/local/include//emp-tool/circuits/float32.h
#15 93.14 -- Installing: /usr/local/include//emp-tool/circuits/float32.hpp
#15 93.14 -- Installing: /usr/local/include//emp-tool/circuits/bit.hpp
#15 93.14 -- Installing: /usr/local/include//emp-tool/circuits/float32_ln.cpp
#15 93.14 -- Installing: /usr/local/include//emp-tool/circuits/float32_exp.cpp
#15 93.14 -- Installing: /usr/local/include//emp-tool/circuits/float32_le.cpp
#15 93.14 -- Installing: /usr/local/include//emp-tool/circuits/float32_cos.cpp
#15 93.14 -- Installing: /usr/local/include//emp-tool/circuits/integer.hpp
#15 93.14 -- Installing: /usr/local/include//emp-tool/circuits/float32_log2.cpp
#15 93.14 -- Installing: /usr/local/include//emp-tool/circuits/circuit_file.h
#15 93.14 -- Installing: /usr/local/include//emp-tool/circuits/float32_exp2.cpp
#15 93.14 -- Installing: /usr/local/include//emp-tool/circuits/float32_leq.cpp
#15 93.14 -- Installing: /usr/local/include//emp-tool/circuits/aes_128_ctr.h
#15 93.14 -- Installing: /usr/local/include//emp-tool/circuits/sha3_256.h
#15 93.14 -- Installing: /usr/local/include//emp-tool/circuits/float32_sq.cpp
#15 93.14 -- Installing: /usr/local/include//emp-tool/circuits/float32_sin.cpp
#15 93.14 -- Installing: /usr/local/include//emp-tool/circuits/float32_mul.cpp
#15 93.14 -- Installing: /usr/local/include//emp-tool/circuits/swappable.h
#15 93.14 -- Installing: /usr/local/include//emp-tool/circuits/files
#15 93.14 -- Installing: /usr/local/include//emp-tool/circuits/files/bristol_fashion
#15 93.14 -- Installing: /usr/local/include//emp-tool/circuits/files/bristol_fashion/aes_256.txt
#15 93.14 -- Installing: /usr/local/include//emp-tool/circuits/files/bristol_fashion/sha512.txt
#15 93.15 -- Installing: /usr/local/include//emp-tool/circuits/files/bristol_fashion/Keccak_f.txt
#15 93.15 -- Installing: /usr/local/include//emp-tool/circuits/files/bristol_fashion/sha256.txt
#15 93.16 -- Installing: /usr/local/include//emp-tool/circuits/files/bristol_fashion/aes_192.txt
#15 93.16 -- Installing: /usr/local/include//emp-tool/circuits/files/bristol_fashion/aes_128.txt
#15 93.16 -- Installing: /usr/local/include//emp-tool/circuits/files/bristol_format
#15 93.16 -- Installing: /usr/local/include//emp-tool/circuits/files/bristol_format/sha-1.txt
#15 93.16 -- Installing: /usr/local/include//emp-tool/circuits/files/bristol_format/adder_32bit.txt
#15 93.16 -- Installing: /usr/local/include//emp-tool/circuits/files/bristol_format/sha-256-big.txt
#15 93.17 -- Installing: /usr/local/include//emp-tool/circuits/files/bristol_format/AES-non-expanded.txt
#15 93.17 -- Installing: /usr/local/include//emp-tool/circuits/files/bristol_format/sha-256.txt
#15 93.17 -- Installing: /usr/local/include//emp-tool/circuits/float32_div.cpp
#15 93.17 -- Installing: /usr/local/include//emp-tool/circuits/number.h
#15 93.17 -- Installing: /usr/local/include//emp-tool/circuits/bit.h
#15 93.17 -- Installing: /usr/local/include//emp-tool/circuits/float32_add.cpp
#15 93.17 -- Installing: /usr/local/include//emp-tool/circuits/integer.h
#15 93.17 -- Installing: /usr/local/include//emp-tool/circuits/float32_eq.cpp
#15 93.17 -- Installing: /usr/local/include//emp-tool/circuits/float32_sub.cpp
#15 93.17 -- Installing: /usr/local/include//emp-tool/io
#15 93.17 -- Installing: /usr/local/include//emp-tool/io/io_channel.h
#15 93.17 -- Installing: /usr/local/include//emp-tool/io/net_io_channel.h
#15 93.17 -- Installing: /usr/local/include//emp-tool/io/file_io_channel.h
#15 93.17 -- Installing: /usr/local/include//emp-tool/io/mem_io_channel.h
#15 93.17 -- Installing: /usr/local/include//emp-tool/io/highspeed_net_io_channel.h
#15 93.17 -- Installing: /usr/local/include//emp-tool/execution
#15 93.17 -- Installing: /usr/local/include//emp-tool/execution/circuit_execution.h
#15 93.17 -- Installing: /usr/local/include//emp-tool/execution/plain_prot.h
#15 93.17 -- Installing: /usr/local/include//emp-tool/execution/plain_circ.h
#15 93.17 -- Installing: /usr/local/include//emp-tool/execution/protocol_execution.h
#15 93.17 -- Installing: /usr/local/include//emp-tool/emp-tool.h
#15 93.17 -- Installing: /usr/local/include//emp-tool/emp-tool.cpp
#15 93.17 -- Installing: /usr/local/include//emp-tool/gc
#15 93.17 -- Installing: /usr/local/include//emp-tool/gc/privacy_free_gen.h
#15 93.17 -- Installing: /usr/local/include//emp-tool/gc/halfgate_eva.h
#15 93.17 -- Installing: /usr/local/include//emp-tool/gc/halfgate_gen.h
#15 93.17 -- Installing: /usr/local/include//emp-tool/gc/privacy_free_eva.h
#15 93.17 -- Installing: /usr/local/cmake/
#15 93.17 -- Installing: /usr/local/cmake//emp-tool-config.cmake
#15 93.17 -- Installing: /usr/local/cmake//emp-base.cmake
#15 93.17 -- Installing: /usr/local/cmake//enable_threading.cmake
#15 93.17 -- Installing: /usr/local/cmake//enable_rdseed.cmake
#15 93.17 -- Installing: /usr/local/cmake//enable_crypto_circuit.cmake
#15 93.17 -- Installing: /usr/local/lib/libemp-tool.so
#15 93.21 -- The C compiler identification is GNU 11.4.0
#15 93.24 -- The CXX compiler identification is GNU 11.4.0
#15 93.25 -- Detecting C compiler ABI info
#15 93.29 -- Detecting C compiler ABI info - done
#15 93.30 -- Check for working C compiler: /usr/bin/cc - skipped
#15 93.30 -- Detecting C compile features
#15 93.30 -- Detecting C compile features - done
#15 93.30 -- Detecting CXX compiler ABI info
#15 93.35 -- Detecting CXX compiler ABI info - done
#15 93.35 -- Check for working CXX compiler: /usr/bin/c++ - skipped
#15 93.35 -- Detecting CXX compile features
#15 93.35 -- Detecting CXX compile features - done
#15 93.36 [34m-- Platform: x86_64[m
#15 93.36 -- [34mBuild type: Release[m
#15 93.36 -- CXX Flags:   -pthread -Wall -funroll-loops -Wno-ignored-attributes -Wno-unused-result -march=native -maes -mrdseed -std=c++11 -O3
#15 93.36 -- Performing Test RDSEED_RUN_RESULT
#15 93.50 -- Performing Test RDSEED_RUN_RESULT - Success
#15 93.50 [32m-- Source of Randomness: rdseed[m
#15 93.50 -- Found OpenSSL: /usr/lib/x86_64-linux-gnu/libcrypto.so (found version "3.0.2")  
#15 93.50 -- Found emp-tool: /usr/local/include  
#15 93.51 -- Configuring done
#15 93.51 -- Generating done
#15 93.51 -- Build files have been written to: /chall/emp-ot
#15 93.54 [ 16%] Building CXX object test/CMakeFiles/test_ot.dir/ot.cpp.o
#15 97.57 [ 33%] Linking CXX executable ../bin/test_ot
#15 97.65 [ 33%] Built target test_ot
#15 97.67 [ 50%] Building CXX object test/CMakeFiles/test_ferret.dir/ferret.cpp.o
#15 101.0 [ 66%] Linking CXX executable ../bin/test_ferret
#15 101.1 [ 66%] Built target test_ferret
#15 101.1 [ 83%] Building CXX object test/CMakeFiles/test_bench_lpn.dir/bench_lpn.cpp.o
#15 102.4 [100%] Linking CXX executable ../bin/test_bench_lpn
#15 102.5 [100%] Built target test_bench_lpn
#15 102.5 Consolidate compiler generated dependencies of target test_ot
#15 102.5 [ 33%] Built target test_ot
#15 102.5 Consolidate compiler generated dependencies of target test_ferret
#15 102.5 [ 66%] Built target test_ferret
#15 102.5 Consolidate compiler generated dependencies of target test_bench_lpn
#15 102.6 [100%] Built target test_bench_lpn
#15 102.6 Install the project...
#15 102.6 -- Install configuration: "Release"
#15 102.6 -- Installing: /usr/local/cmake/emp-ot-config.cmake
#15 102.6 -- Installing: /usr/local/include//emp-ot
#15 102.6 -- Installing: /usr/local/include//emp-ot/cot.h
#15 102.6 -- Installing: /usr/local/include//emp-ot/ferret
#15 102.6 -- Installing: /usr/local/include//emp-ot/ferret/constants.h
#15 102.6 -- Installing: /usr/local/include//emp-ot/ferret/base_cot.h
#15 102.6 -- Installing: /usr/local/include//emp-ot/ferret/preot.h
#15 102.6 -- Installing: /usr/local/include//emp-ot/ferret/spcot_sender.h
#15 102.6 -- Installing: /usr/local/include//emp-ot/ferret/ferret_cot.h
#15 102.6 -- Installing: /usr/local/include//emp-ot/ferret/mpcot_reg.h
#15 102.6 -- Installing: /usr/local/include//emp-ot/ferret/twokeyprp.h
#15 102.6 -- Installing: /usr/local/include//emp-ot/ferret/ferret_cot.hpp
#15 102.6 -- Installing: /usr/local/include//emp-ot/ferret/spcot_recver.h
#15 102.6 -- Installing: /usr/local/include//emp-ot/ferret/lpn_f2.h
#15 102.6 -- Installing: /usr/local/include//emp-ot/ideal.h
#15 102.6 -- Installing: /usr/local/include//emp-ot/iknp.h
#15 102.6 -- Installing: /usr/local/include//emp-ot/ot.h
#15 102.6 -- Installing: /usr/local/include//emp-ot/emp-ot.h
#15 102.6 -- Installing: /usr/local/include//emp-ot/co.h
#15 102.6 -- Installing: /usr/local/include//emp-ot/np.h
#15 102.6 -- The C compiler identification is GNU 11.4.0
#15 102.7 -- The CXX compiler identification is GNU 11.4.0
#15 102.7 -- Detecting C compiler ABI info
#15 102.7 -- Detecting C compiler ABI info - done
#15 102.7 -- Check for working C compiler: /usr/bin/cc - skipped
#15 102.7 -- Detecting C compile features
#15 102.7 -- Detecting C compile features - done
#15 102.7 -- Detecting CXX compiler ABI info
#15 102.8 -- Detecting CXX compiler ABI info - done
#15 102.8 -- Check for working CXX compiler: /usr/bin/c++ - skipped
#15 102.8 -- Detecting CXX compile features
#15 102.8 -- Detecting CXX compile features - done
#15 102.8 [34m-- Platform: x86_64[m
#15 102.8 -- [34mBuild type: Release[m
#15 102.8 -- CXX Flags:   -pthread -Wall -funroll-loops -Wno-ignored-attributes -Wno-unused-result -march=native -maes -mrdseed -std=c++11 -O3
#15 102.8 -- Performing Test RDSEED_RUN_RESULT
#15 102.9 -- Performing Test RDSEED_RUN_RESULT - Success
#15 102.9 [32m-- Source of Randomness: rdseed[m
#15 102.9 -- Found OpenSSL: /usr/lib/x86_64-linux-gnu/libcrypto.so (found version "3.0.2")  
#15 102.9 -- Found emp-tool: /usr/local/include  
#15 102.9 -- Found emp-ot: /usr/local/include  
#15 102.9 -- Configuring done
#15 102.9 -- Generating done
#15 102.9 -- Build files have been written to: /chall/emp-zk
#15 103.0 [  4%] Building CXX object CMakeFiles/emp-zk.dir/emp-zk/emp-zk-bool/emp-zk-bool.cpp.o
#15 103.1 [  8%] Building CXX object CMakeFiles/emp-zk.dir/emp-zk/emp-zk-arith/emp-zk-arith.cpp.o
#15 104.0 [ 12%] Linking CXX shared library libemp-zk.so
#15 104.1 [ 12%] Built target emp-zk
#15 104.1 [ 16%] Building CXX object test/CMakeFiles/test_arith_abconversion.dir/arith/abconversion.cpp.o
#15 105.2 In file included from /chall/emp-zk/emp-zk/emp-zk-arith/polynomial.h:5,
#15 105.2                  from /chall/emp-zk/emp-zk/emp-zk-arith/int_fp.h:5,
#15 105.2                  from /chall/emp-zk/emp-zk/emp-zk-arith/conversion.h:4,
#15 105.2                  from /chall/emp-zk/emp-zk/emp-zk-arith/emp-zk-arith.h:3,
#15 105.2                  from /chall/emp-zk/emp-zk/emp-zk.h:5,
#15 105.2                  from /chall/emp-zk/test/arith/abconversion.cpp:2:
#15 105.2 /chall/emp-zk/emp-zk/emp-zk-arith/ostriple.h: In instantiation of __int128 unsigned FpOSTriple<IO>::auth_compute_mul_recv(__int128 unsigned, __int128 unsigned) [with IO = emp::BoolIO<emp::NetIO>]:
#15 105.2 /chall/emp-zk/emp-zk/emp-zk-arith/zk_fp_exec_verifier.h:65:43:   required from __int128 unsigned ZKFpExecVer<IO>::mul_gate(const __int128 unsigned&, const __int128 unsigned&) [with IO = emp::BoolIO<emp::NetIO>]
#15 105.2 /chall/emp-zk/emp-zk/emp-zk-arith/zk_fp_exec_verifier.h:63:15:   required from here
#15 105.2 /chall/emp-zk/emp-zk/emp-zk-arith/ostriple.h:156:19: warning: comparison of integer expressions of different signedness: int and uint64_t {aka long unsigned int} [-Wsign-compare]
#15 105.2   156 |     if (check_cnt == CHECK_SZ) {
#15 105.2       |         ~~~~~~~~~~^~~~~~~~~~~
#15 105.2 /chall/emp-zk/emp-zk/emp-zk-arith/ostriple.h: In instantiation of __int128 unsigned FpOSTriple<IO>::auth_compute_mul_send(__int128 unsigned, __int128 unsigned) [with IO = emp::BoolIO<emp::NetIO>]:
#15 105.2 /chall/emp-zk/emp-zk/emp-zk-arith/zk_fp_exec_prover.h:68:43:   required from __int128 unsigned ZKFpExecPrv<IO>::mul_gate(const __int128 unsigned&, const __int128 unsigned&) [with IO = emp::BoolIO<emp::NetIO>]
#15 105.2 /chall/emp-zk/emp-zk/emp-zk-arith/zk_fp_exec_prover.h:66:15:   required from here
#15 105.2 /chall/emp-zk/emp-zk/emp-zk-arith/ostriple.h:134:19: warning: comparison of integer expressions of different signedness: int and uint64_t {aka long unsigned int} [-Wsign-compare]
#15 105.2   134 |     if (check_cnt == CHECK_SZ) {
#15 105.2       |         ~~~~~~~~~~^~~~~~~~~~~
#15 110.0 [ 20%] Linking CXX executable ../bin/test_arith_abconversion
#15 110.1 [ 20%] Built target test_arith_abconversion
#15 110.1 [ 24%] Building CXX object test/CMakeFiles/test_arith_zk_proof.dir/arith/zk_proof.cpp.o
#15 111.0 In file included from /chall/emp-zk/emp-zk/emp-zk-arith/polynomial.h:5,
#15 111.0                  from /chall/emp-zk/emp-zk/emp-zk-arith/int_fp.h:5,
#15 111.0                  from /chall/emp-zk/emp-zk/emp-zk-arith/conversion.h:4,
#15 111.0                  from /chall/emp-zk/emp-zk/emp-zk-arith/emp-zk-arith.h:3,
#15 111.0                  from /chall/emp-zk/test/arith/zk_proof.cpp:2:
#15 111.0 /chall/emp-zk/emp-zk/emp-zk-arith/ostriple.h: In instantiation of __int128 unsigned FpOSTriple<IO>::auth_compute_mul_recv(__int128 unsigned, __int128 unsigned) [with IO = emp::BoolIO<emp::NetIO>]:
#15 111.0 /chall/emp-zk/emp-zk/emp-zk-arith/zk_fp_exec_verifier.h:65:43:   required from __int128 unsigned ZKFpExecVer<IO>::mul_gate(const __int128 unsigned&, const __int128 unsigned&) [with IO = emp::BoolIO<emp::NetIO>]
#15 111.0 /chall/emp-zk/emp-zk/emp-zk-arith/zk_fp_exec_verifier.h:63:15:   required from here
#15 111.0 /chall/emp-zk/emp-zk/emp-zk-arith/ostriple.h:156:19: warning: comparison of integer expressions of different signedness: int and uint64_t {aka long unsigned int} [-Wsign-compare]
#15 111.0   156 |     if (check_cnt == CHECK_SZ) {
#15 111.0       |         ~~~~~~~~~~^~~~~~~~~~~
#15 111.0 /chall/emp-zk/emp-zk/emp-zk-arith/ostriple.h: In instantiation of __int128 unsigned FpOSTriple<IO>::auth_compute_mul_send(__int128 unsigned, __int128 unsigned) [with IO = emp::BoolIO<emp::NetIO>]:
#15 111.0 /chall/emp-zk/emp-zk/emp-zk-arith/zk_fp_exec_prover.h:68:43:   required from __int128 unsigned ZKFpExecPrv<IO>::mul_gate(const __int128 unsigned&, const __int128 unsigned&) [with IO = emp::BoolIO<emp::NetIO>]
#15 111.0 /chall/emp-zk/emp-zk/emp-zk-arith/zk_fp_exec_prover.h:66:15:   required from here
#15 111.0 /chall/emp-zk/emp-zk/emp-zk-arith/ostriple.h:134:19: warning: comparison of integer expressions of different signedness: int and uint64_t {aka long unsigned int} [-Wsign-compare]
#15 111.0   134 |     if (check_cnt == CHECK_SZ) {
#15 111.0       |         ~~~~~~~~~~^~~~~~~~~~~
#15 114.0 [ 28%] Linking CXX executable ../bin/test_arith_zk_proof
#15 114.1 [ 28%] Built target test_arith_zk_proof
#15 114.1 [ 32%] Building CXX object test/CMakeFiles/test_arith_ostriple.dir/arith/ostriple.cpp.o
#15 114.8 In file included from /chall/emp-zk/test/arith/ostriple.cpp:1:
#15 114.8 /chall/emp-zk/emp-zk/emp-zk-arith/ostriple.h: In instantiation of __int128 unsigned FpOSTriple<IO>::auth_compute_mul_send(__int128 unsigned, __int128 unsigned) [with IO = emp::NetIO]:
#15 114.8 /chall/emp-zk/test/arith/ostriple.cpp:53:39:   required from here
#15 114.8 /chall/emp-zk/emp-zk/emp-zk-arith/ostriple.h:134:19: warning: comparison of integer expressions of different signedness: int and uint64_t {aka long unsigned int} [-Wsign-compare]
#15 114.8   134 |     if (check_cnt == CHECK_SZ) {
#15 114.8       |         ~~~~~~~~~~^~~~~~~~~~~
#15 114.8 /chall/emp-zk/emp-zk/emp-zk-arith/ostriple.h: In instantiation of __int128 unsigned FpOSTriple<IO>::auth_compute_mul_recv(__int128 unsigned, __int128 unsigned) [with IO = emp::NetIO]:
#15 114.8 /chall/emp-zk/test/arith/ostriple.cpp:63:39:   required from here
#15 114.8 /chall/emp-zk/emp-zk/emp-zk-arith/ostriple.h:156:19: warning: comparison of integer expressions of different signedness: int and uint64_t {aka long unsigned int} [-Wsign-compare]
#15 114.8   156 |     if (check_cnt == CHECK_SZ) {
#15 114.8       |         ~~~~~~~~~~^~~~~~~~~~~
#15 117.7 [ 36%] Linking CXX executable ../bin/test_arith_ostriple
#15 117.8 [ 36%] Built target test_arith_ostriple
#15 117.8 [ 40%] Building CXX object test/CMakeFiles/test_arith_input_scalability.dir/arith/input_scalability.cpp.o
#15 118.7 In file included from /chall/emp-zk/emp-zk/emp-zk-arith/polynomial.h:5,
#15 118.7                  from /chall/emp-zk/emp-zk/emp-zk-arith/int_fp.h:5,
#15 118.7                  from /chall/emp-zk/emp-zk/emp-zk-arith/conversion.h:4,
#15 118.7                  from /chall/emp-zk/emp-zk/emp-zk-arith/emp-zk-arith.h:3,
#15 118.7                  from /chall/emp-zk/emp-zk/emp-zk.h:5,
#15 118.7                  from /chall/emp-zk/test/arith/input_scalability.cpp:2:
#15 118.7 /chall/emp-zk/emp-zk/emp-zk-arith/ostriple.h: In instantiation of __int128 unsigned FpOSTriple<IO>::auth_compute_mul_recv(__int128 unsigned, __int128 unsigned) [with IO = emp::BoolIO<emp::NetIO>]:
#15 118.7 /chall/emp-zk/emp-zk/emp-zk-arith/zk_fp_exec_verifier.h:65:43:   required from __int128 unsigned ZKFpExecVer<IO>::mul_gate(const __int128 unsigned&, const __int128 unsigned&) [with IO = emp::BoolIO<emp::NetIO>]
#15 118.7 /chall/emp-zk/emp-zk/emp-zk-arith/zk_fp_exec_verifier.h:63:15:   required from here
#15 118.7 /chall/emp-zk/emp-zk/emp-zk-arith/ostriple.h:156:19: warning: comparison of integer expressions of different signedness: int and uint64_t {aka long unsigned int} [-Wsign-compare]
#15 118.7   156 |     if (check_cnt == CHECK_SZ) {
#15 118.7       |         ~~~~~~~~~~^~~~~~~~~~~
#15 118.7 /chall/emp-zk/emp-zk/emp-zk-arith/ostriple.h: In instantiation of __int128 unsigned FpOSTriple<IO>::auth_compute_mul_send(__int128 unsigned, __int128 unsigned) [with IO = emp::BoolIO<emp::NetIO>]:
#15 118.7 /chall/emp-zk/emp-zk/emp-zk-arith/zk_fp_exec_prover.h:68:43:   required from __int128 unsigned ZKFpExecPrv<IO>::mul_gate(const __int128 unsigned&, const __int128 unsigned&) [with IO = emp::BoolIO<emp::NetIO>]
#15 118.7 /chall/emp-zk/emp-zk/emp-zk-arith/zk_fp_exec_prover.h:66:15:   required from here
#15 118.7 /chall/emp-zk/emp-zk/emp-zk-arith/ostriple.h:134:19: warning: comparison of integer expressions of different signedness: int and uint64_t {aka long unsigned int} [-Wsign-compare]
#15 118.7   134 |     if (check_cnt == CHECK_SZ) {
#15 118.7       |         ~~~~~~~~~~^~~~~~~~~~~
#15 121.8 [ 44%] Linking CXX executable ../bin/test_arith_input_scalability
#15 121.8 [ 44%] Built target test_arith_input_scalability
#15 121.9 [ 48%] Building CXX object test/CMakeFiles/test_arith_circuit_scalability.dir/arith/circuit_scalability.cpp.o
#15 122.8 In file included from /chall/emp-zk/emp-zk/emp-zk-arith/polynomial.h:5,
#15 122.8                  from /chall/emp-zk/emp-zk/emp-zk-arith/int_fp.h:5,
#15 122.8                  from /chall/emp-zk/emp-zk/emp-zk-arith/conversion.h:4,
#15 122.8                  from /chall/emp-zk/emp-zk/emp-zk-arith/emp-zk-arith.h:3,
#15 122.8                  from /chall/emp-zk/emp-zk/emp-zk.h:5,
#15 122.8                  from /chall/emp-zk/test/arith/circuit_scalability.cpp:2:
#15 122.8 /chall/emp-zk/emp-zk/emp-zk-arith/ostriple.h: In instantiation of __int128 unsigned FpOSTriple<IO>::auth_compute_mul_recv(__int128 unsigned, __int128 unsigned) [with IO = emp::BoolIO<emp::NetIO>]:
#15 122.8 /chall/emp-zk/emp-zk/emp-zk-arith/zk_fp_exec_verifier.h:65:43:   required from __int128 unsigned ZKFpExecVer<IO>::mul_gate(const __int128 unsigned&, const __int128 unsigned&) [with IO = emp::BoolIO<emp::NetIO>]
#15 122.8 /chall/emp-zk/emp-zk/emp-zk-arith/zk_fp_exec_verifier.h:63:15:   required from here
#15 122.8 /chall/emp-zk/emp-zk/emp-zk-arith/ostriple.h:156:19: warning: comparison of integer expressions of different signedness: int and uint64_t {aka long unsigned int} [-Wsign-compare]
#15 122.8   156 |     if (check_cnt == CHECK_SZ) {
#15 122.8       |         ~~~~~~~~~~^~~~~~~~~~~
#15 122.8 /chall/emp-zk/emp-zk/emp-zk-arith/ostriple.h: In instantiation of __int128 unsigned FpOSTriple<IO>::auth_compute_mul_send(__int128 unsigned, __int128 unsigned) [with IO = emp::BoolIO<emp::NetIO>]:
#15 122.8 /chall/emp-zk/emp-zk/emp-zk-arith/zk_fp_exec_prover.h:68:43:   required from __int128 unsigned ZKFpExecPrv<IO>::mul_gate(const __int128 unsigned&, const __int128 unsigned&) [with IO = emp::BoolIO<emp::NetIO>]
#15 122.8 /chall/emp-zk/emp-zk/emp-zk-arith/zk_fp_exec_prover.h:66:15:   required from here
#15 122.8 /chall/emp-zk/emp-zk/emp-zk-arith/ostriple.h:134:19: warning: comparison of integer expressions of different signedness: int and uint64_t {aka long unsigned int} [-Wsign-compare]
#15 122.8   134 |     if (check_cnt == CHECK_SZ) {
#15 122.8       |         ~~~~~~~~~~^~~~~~~~~~~
#15 125.8 [ 52%] Linking CXX executable ../bin/test_arith_circuit_scalability
#15 125.8 [ 52%] Built target test_arith_circuit_scalability
#15 125.8 [ 56%] Building CXX object test/CMakeFiles/test_arith_polynomial.dir/arith/polynomial.cpp.o
#15 126.8 In file included from /chall/emp-zk/emp-zk/emp-zk-arith/polynomial.h:5,
#15 126.8                  from /chall/emp-zk/emp-zk/emp-zk-arith/int_fp.h:5,
#15 126.8                  from /chall/emp-zk/emp-zk/emp-zk-arith/conversion.h:4,
#15 126.8                  from /chall/emp-zk/emp-zk/emp-zk-arith/emp-zk-arith.h:3,
#15 126.8                  from /chall/emp-zk/test/arith/polynomial.cpp:2:
#15 126.8 /chall/emp-zk/emp-zk/emp-zk-arith/ostriple.h: In instantiation of __int128 unsigned FpOSTriple<IO>::auth_compute_mul_recv(__int128 unsigned, __int128 unsigned) [with IO = emp::BoolIO<emp::NetIO>]:
#15 126.8 /chall/emp-zk/emp-zk/emp-zk-arith/zk_fp_exec_verifier.h:65:43:   required from __int128 unsigned ZKFpExecVer<IO>::mul_gate(const __int128 unsigned&, const __int128 unsigned&) [with IO = emp::BoolIO<emp::NetIO>]
#15 126.8 /chall/emp-zk/emp-zk/emp-zk-arith/zk_fp_exec_verifier.h:63:15:   required from here
#15 126.8 /chall/emp-zk/emp-zk/emp-zk-arith/ostriple.h:156:19: warning: comparison of integer expressions of different signedness: int and uint64_t {aka long unsigned int} [-Wsign-compare]
#15 126.8   156 |     if (check_cnt == CHECK_SZ) {
#15 126.8       |         ~~~~~~~~~~^~~~~~~~~~~
#15 126.8 /chall/emp-zk/emp-zk/emp-zk-arith/ostriple.h: In instantiation of __int128 unsigned FpOSTriple<IO>::auth_compute_mul_send(__int128 unsigned, __int128 unsigned) [with IO = emp::BoolIO<emp::NetIO>]:
#15 126.8 /chall/emp-zk/emp-zk/emp-zk-arith/zk_fp_exec_prover.h:68:43:   required from __int128 unsigned ZKFpExecPrv<IO>::mul_gate(const __int128 unsigned&, const __int128 unsigned&) [with IO = emp::BoolIO<emp::NetIO>]
#15 126.8 /chall/emp-zk/emp-zk/emp-zk-arith/zk_fp_exec_prover.h:66:15:   required from here
#15 126.8 /chall/emp-zk/emp-zk/emp-zk-arith/ostriple.h:134:19: warning: comparison of integer expressions of different signedness: int and uint64_t {aka long unsigned int} [-Wsign-compare]
#15 126.8   134 |     if (check_cnt == CHECK_SZ) {
#15 126.8       |         ~~~~~~~~~~^~~~~~~~~~~
#15 129.8 [ 60%] Linking CXX executable ../bin/test_arith_polynomial
#15 129.9 [ 60%] Built target test_arith_polynomial
#15 129.9 [ 64%] Building CXX object test/CMakeFiles/test_arith_inner_prdt.dir/arith/inner_prdt.cpp.o
#15 130.8 In file included from /chall/emp-zk/emp-zk/emp-zk-arith/polynomial.h:5,
#15 130.8                  from /chall/emp-zk/emp-zk/emp-zk-arith/int_fp.h:5,
#15 130.8                  from /chall/emp-zk/emp-zk/emp-zk-arith/conversion.h:4,
#15 130.8                  from /chall/emp-zk/emp-zk/emp-zk-arith/emp-zk-arith.h:3,
#15 130.8                  from /chall/emp-zk/emp-zk/emp-zk.h:5,
#15 130.8                  from /chall/emp-zk/test/arith/inner_prdt.cpp:2:
#15 130.8 /chall/emp-zk/emp-zk/emp-zk-arith/ostriple.h: In instantiation of __int128 unsigned FpOSTriple<IO>::auth_compute_mul_recv(__int128 unsigned, __int128 unsigned) [with IO = emp::BoolIO<emp::NetIO>]:
#15 130.8 /chall/emp-zk/emp-zk/emp-zk-arith/zk_fp_exec_verifier.h:65:43:   required from __int128 unsigned ZKFpExecVer<IO>::mul_gate(const __int128 unsigned&, const __int128 unsigned&) [with IO = emp::BoolIO<emp::NetIO>]
#15 130.8 /chall/emp-zk/emp-zk/emp-zk-arith/zk_fp_exec_verifier.h:63:15:   required from here
#15 130.8 /chall/emp-zk/emp-zk/emp-zk-arith/ostriple.h:156:19: warning: comparison of integer expressions of different signedness: int and uint64_t {aka long unsigned int} [-Wsign-compare]
#15 130.8   156 |     if (check_cnt == CHECK_SZ) {
#15 130.8       |         ~~~~~~~~~~^~~~~~~~~~~
#15 130.8 /chall/emp-zk/emp-zk/emp-zk-arith/ostriple.h: In instantiation of __int128 unsigned FpOSTriple<IO>::auth_compute_mul_send(__int128 unsigned, __int128 unsigned) [with IO = emp::BoolIO<emp::NetIO>]:
#15 130.8 /chall/emp-zk/emp-zk/emp-zk-arith/zk_fp_exec_prover.h:68:43:   required from __int128 unsigned ZKFpExecPrv<IO>::mul_gate(const __int128 unsigned&, const __int128 unsigned&) [with IO = emp::BoolIO<emp::NetIO>]
#15 130.8 /chall/emp-zk/emp-zk/emp-zk-arith/zk_fp_exec_prover.h:66:15:   required from here
#15 130.8 /chall/emp-zk/emp-zk/emp-zk-arith/ostriple.h:134:19: warning: comparison of integer expressions of different signedness: int and uint64_t {aka long unsigned int} [-Wsign-compare]
#15 130.8   134 |     if (check_cnt == CHECK_SZ) {
#15 130.8       |         ~~~~~~~~~~^~~~~~~~~~~
#15 133.8 [ 68%] Linking CXX executable ../bin/test_arith_inner_prdt
#15 133.9 [ 68%] Built target test_arith_inner_prdt
#15 133.9 [ 72%] Building CXX object test/CMakeFiles/test_arith_matrix_mul.dir/arith/matrix_mul.cpp.o
#15 134.8 In file included from /chall/emp-zk/emp-zk/emp-zk-arith/polynomial.h:5,
#15 134.8                  from /chall/emp-zk/emp-zk/emp-zk-arith/int_fp.h:5,
#15 134.8                  from /chall/emp-zk/emp-zk/emp-zk-arith/conversion.h:4,
#15 134.8                  from /chall/emp-zk/emp-zk/emp-zk-arith/emp-zk-arith.h:3,
#15 134.8                  from /chall/emp-zk/emp-zk/emp-zk.h:5,
#15 134.8                  from /chall/emp-zk/test/arith/matrix_mul.cpp:2:
#15 134.8 /chall/emp-zk/emp-zk/emp-zk-arith/ostriple.h: In instantiation of __int128 unsigned FpOSTriple<IO>::auth_compute_mul_recv(__int128 unsigned, __int128 unsigned) [with IO = emp::BoolIO<emp::NetIO>]:
#15 134.8 /chall/emp-zk/emp-zk/emp-zk-arith/zk_fp_exec_verifier.h:65:43:   required from __int128 unsigned ZKFpExecVer<IO>::mul_gate(const __int128 unsigned&, const __int128 unsigned&) [with IO = emp::BoolIO<emp::NetIO>]
#15 134.8 /chall/emp-zk/emp-zk/emp-zk-arith/zk_fp_exec_verifier.h:63:15:   required from here
#15 134.8 /chall/emp-zk/emp-zk/emp-zk-arith/ostriple.h:156:19: warning: comparison of integer expressions of different signedness: int and uint64_t {aka long unsigned int} [-Wsign-compare]
#15 134.8   156 |     if (check_cnt == CHECK_SZ) {
#15 134.8       |         ~~~~~~~~~~^~~~~~~~~~~
#15 134.8 /chall/emp-zk/emp-zk/emp-zk-arith/ostriple.h: In instantiation of __int128 unsigned FpOSTriple<IO>::auth_compute_mul_send(__int128 unsigned, __int128 unsigned) [with IO = emp::BoolIO<emp::NetIO>]:
#15 134.8 /chall/emp-zk/emp-zk/emp-zk-arith/zk_fp_exec_prover.h:68:43:   required from __int128 unsigned ZKFpExecPrv<IO>::mul_gate(const __int128 unsigned&, const __int128 unsigned&) [with IO = emp::BoolIO<emp::NetIO>]
#15 134.8 /chall/emp-zk/emp-zk/emp-zk-arith/zk_fp_exec_prover.h:66:15:   required from here
#15 134.8 /chall/emp-zk/emp-zk/emp-zk-arith/ostriple.h:134:19: warning: comparison of integer expressions of different signedness: int and uint64_t {aka long unsigned int} [-Wsign-compare]
#15 134.8   134 |     if (check_cnt == CHECK_SZ) {
#15 134.8       |         ~~~~~~~~~~^~~~~~~~~~~
#15 137.8 [ 76%] Linking CXX executable ../bin/test_arith_matrix_mul
#15 137.9 [ 76%] Built target test_arith_matrix_mul
#15 137.9 [ 80%] Building CXX object test/CMakeFiles/test_arith_sis.dir/arith/sis.cpp.o
#15 138.9 In file included from /chall/emp-zk/emp-zk/emp-zk-arith/polynomial.h:5,
#15 138.9                  from /chall/emp-zk/emp-zk/emp-zk-arith/int_fp.h:5,
#15 138.9                  from /chall/emp-zk/emp-zk/emp-zk-arith/conversion.h:4,
#15 138.9                  from /chall/emp-zk/emp-zk/emp-zk-arith/emp-zk-arith.h:3,
#15 138.9                  from /chall/emp-zk/emp-zk/emp-zk.h:5,
#15 138.9                  from /chall/emp-zk/test/arith/sis.cpp:2:
#15 138.9 /chall/emp-zk/emp-zk/emp-zk-arith/ostriple.h: In instantiation of __int128 unsigned FpOSTriple<IO>::auth_compute_mul_recv(__int128 unsigned, __int128 unsigned) [with IO = emp::BoolIO<emp::NetIO>]:
#15 138.9 /chall/emp-zk/emp-zk/emp-zk-arith/zk_fp_exec_verifier.h:65:43:   required from __int128 unsigned ZKFpExecVer<IO>::mul_gate(const __int128 unsigned&, const __int128 unsigned&) [with IO = emp::BoolIO<emp::NetIO>]
#15 138.9 /chall/emp-zk/emp-zk/emp-zk-arith/zk_fp_exec_verifier.h:63:15:   required from here
#15 138.9 /chall/emp-zk/emp-zk/emp-zk-arith/ostriple.h:156:19: warning: comparison of integer expressions of different signedness: int and uint64_t {aka long unsigned int} [-Wsign-compare]
#15 138.9   156 |     if (check_cnt == CHECK_SZ) {
#15 138.9       |         ~~~~~~~~~~^~~~~~~~~~~
#15 138.9 /chall/emp-zk/emp-zk/emp-zk-arith/ostriple.h: In instantiation of __int128 unsigned FpOSTriple<IO>::auth_compute_mul_send(__int128 unsigned, __int128 unsigned) [with IO = emp::BoolIO<emp::NetIO>]:
#15 138.9 /chall/emp-zk/emp-zk/emp-zk-arith/zk_fp_exec_prover.h:68:43:   required from __int128 unsigned ZKFpExecPrv<IO>::mul_gate(const __int128 unsigned&, const __int128 unsigned&) [with IO = emp::BoolIO<emp::NetIO>]
#15 138.9 /chall/emp-zk/emp-zk/emp-zk-arith/zk_fp_exec_prover.h:66:15:   required from here
#15 138.9 /chall/emp-zk/emp-zk/emp-zk-arith/ostriple.h:134:19: warning: comparison of integer expressions of different signedness: int and uint64_t {aka long unsigned int} [-Wsign-compare]
#15 138.9   134 |     if (check_cnt == CHECK_SZ) {
#15 138.9       |         ~~~~~~~~~~^~~~~~~~~~~
#15 141.9 [ 84%] Linking CXX executable ../bin/test_arith_sis
#15 142.0 [ 84%] Built target test_arith_sis
#15 142.0 [ 88%] Building CXX object test/CMakeFiles/test_arith_chall.dir/arith/chall.cpp.o
#15 142.9 /chall/emp-zk/test/arith/chall.cpp: In function void permutation(emp::BoolIO<emp::StdIO>**, int):
#15 142.9 /chall/emp-zk/test/arith/chall.cpp:116:16: warning: ISO C++ forbids converting a string constant to char* [-Wwrite-strings]
#15 142.9   116 |   char* flag = "lactf{}"; // obviosuly redacted
#15 142.9       |                ^~~~~~~~~
#15 143.2 In file included from /chall/emp-zk/emp-zk/emp-zk-arith/polynomial.h:5,
#15 143.2                  from /chall/emp-zk/emp-zk/emp-zk-arith/int_fp.h:5,
#15 143.2                  from /chall/emp-zk/emp-zk/emp-zk-arith/conversion.h:4,
#15 143.2                  from /chall/emp-zk/emp-zk/emp-zk-arith/emp-zk-arith.h:3,
#15 143.2                  from /chall/emp-zk/emp-zk/emp-zk.h:5,
#15 143.2                  from /chall/emp-zk/test/arith/chall.cpp:2:
#15 143.2 /chall/emp-zk/emp-zk/emp-zk-arith/ostriple.h: In instantiation of __int128 unsigned FpOSTriple<IO>::auth_compute_mul_recv(__int128 unsigned, __int128 unsigned) [with IO = emp::BoolIO<emp::StdIO>]:
#15 143.2 /chall/emp-zk/emp-zk/emp-zk-arith/zk_fp_exec_verifier.h:65:43:   required from __int128 unsigned ZKFpExecVer<IO>::mul_gate(const __int128 unsigned&, const __int128 unsigned&) [with IO = emp::BoolIO<emp::StdIO>]
#15 143.2 /chall/emp-zk/emp-zk/emp-zk-arith/zk_fp_exec_verifier.h:63:15:   required from here
#15 143.2 /chall/emp-zk/emp-zk/emp-zk-arith/ostriple.h:156:19: warning: comparison of integer expressions of different signedness: int and uint64_t {aka long unsigned int} [-Wsign-compare]
#15 143.2   156 |     if (check_cnt == CHECK_SZ) {
#15 143.2       |         ~~~~~~~~~~^~~~~~~~~~~
#15 143.2 /chall/emp-zk/emp-zk/emp-zk-arith/ostriple.h: In instantiation of __int128 unsigned FpOSTriple<IO>::auth_compute_mul_send(__int128 unsigned, __int128 unsigned) [with IO = emp::BoolIO<emp::StdIO>]:
#15 143.2 /chall/emp-zk/emp-zk/emp-zk-arith/zk_fp_exec_prover.h:68:43:   required from __int128 unsigned ZKFpExecPrv<IO>::mul_gate(const __int128 unsigned&, const __int128 unsigned&) [with IO = emp::BoolIO<emp::StdIO>]
#15 143.2 /chall/emp-zk/emp-zk/emp-zk-arith/zk_fp_exec_prover.h:66:15:   required from here
#15 143.2 /chall/emp-zk/emp-zk/emp-zk-arith/ostriple.h:134:19: warning: comparison of integer expressions of different signedness: int and uint64_t {aka long unsigned int} [-Wsign-compare]
#15 143.2   134 |     if (check_cnt == CHECK_SZ) {
#15 143.2       |         ~~~~~~~~~~^~~~~~~~~~~
#15 146.3 [ 92%] Linking CXX executable ../bin/test_arith_chall
#15 146.4 [ 92%] Built target test_arith_chall
#15 146.4 [ 96%] Building CXX object test/CMakeFiles/test_arith_client.dir/arith/client.cpp.o
#15 147.2 /chall/emp-zk/test/arith/client.cpp:16:16: error: redefinition of const uint64_t PR
#15 147.2    16 | const uint64_t PR = 2305843009213693951ULL; // 2^61 - 1
#15 147.2       |                ^~
#15 147.2 In file included from /chall/emp-zk/emp-zk/emp-vole/spfss_sender.h:3,
#15 147.2                  from /chall/emp-zk/emp-zk/emp-vole/emp-vole.h:1,
#15 147.2                  from /chall/emp-zk/emp-zk/emp-zk-arith/ostriple.h:4,
#15 147.2                  from /chall/emp-zk/emp-zk/emp-zk-arith/polynomial.h:5,
#15 147.2                  from /chall/emp-zk/emp-zk/emp-zk-arith/int_fp.h:5,
#15 147.2                  from /chall/emp-zk/emp-zk/emp-zk-arith/conversion.h:4,
#15 147.2                  from /chall/emp-zk/emp-zk/emp-zk-arith/emp-zk-arith.h:3,
#15 147.2                  from /chall/emp-zk/emp-zk/emp-zk.h:5,
#15 147.2                  from /chall/emp-zk/test/arith/client.cpp:2:
#15 147.2 /chall/emp-zk/emp-zk/emp-vole/utility.h:14:23: note: const uint64_t PR previously defined here
#15 147.2    14 | const static uint64_t PR = 2305843009213693951;
#15 147.2       |                       ^~
#15 147.2 /chall/emp-zk/test/arith/client.cpp:20:14: error: redefinition of uint64_t leak_data::U_raw
#15 147.2    20 |     uint64_t U_raw = 0;
#15 147.2       |              ^~~~~
#15 147.2 In file included from /chall/emp-zk/emp-zk/emp-zk-arith/polynomial.h:5,
#15 147.2                  from /chall/emp-zk/emp-zk/emp-zk-arith/int_fp.h:5,
#15 147.2                  from /chall/emp-zk/emp-zk/emp-zk-arith/conversion.h:4,
#15 147.2                  from /chall/emp-zk/emp-zk/emp-zk-arith/emp-zk-arith.h:3,
#15 147.2                  from /chall/emp-zk/emp-zk/emp-zk.h:5,
#15 147.2                  from /chall/emp-zk/test/arith/client.cpp:2:
#15 147.2 /chall/emp-zk/emp-zk/emp-zk-arith/ostriple.h:12:21: note: uint64_t leak_data::U_raw previously defined here
#15 147.2    12 |     static uint64_t U_raw = 0;
#15 147.2       |                     ^~~~~
#15 147.2 /chall/emp-zk/test/arith/client.cpp:21:14: error: redefinition of uint64_t leak_data::V_raw
#15 147.2    21 |     uint64_t V_raw = 0;
#15 147.2       |              ^~~~~
#15 147.2 In file included from /chall/emp-zk/emp-zk/emp-zk-arith/polynomial.h:5,
#15 147.2                  from /chall/emp-zk/emp-zk/emp-zk-arith/int_fp.h:5,
#15 147.2                  from /chall/emp-zk/emp-zk/emp-zk-arith/conversion.h:4,
#15 147.2                  from /chall/emp-zk/emp-zk/emp-zk-arith/emp-zk-arith.h:3,
#15 147.2                  from /chall/emp-zk/emp-zk/emp-zk.h:5,
#15 147.2                  from /chall/emp-zk/test/arith/client.cpp:2:
#15 147.2 /chall/emp-zk/emp-zk/emp-zk-arith/ostriple.h:13:21: note: uint64_t leak_data::V_raw previously defined here
#15 147.2    13 |     static uint64_t V_raw = 0;
#15 147.2       |                     ^~~~~
#15 147.2 /chall/emp-zk/test/arith/client.cpp:22:14: error: redefinition of uint64_t leak_data::chi0
#15 147.2    22 |     uint64_t chi0 = 0;
#15 147.2       |              ^~~~
#15 147.2 In file included from /chall/emp-zk/emp-zk/emp-zk-arith/polynomial.h:5,
#15 147.2                  from /chall/emp-zk/emp-zk/emp-zk-arith/int_fp.h:5,
#15 147.2                  from /chall/emp-zk/emp-zk/emp-zk-arith/conversion.h:4,
#15 147.2                  from /chall/emp-zk/emp-zk/emp-zk-arith/emp-zk-arith.h:3,
#15 147.2                  from /chall/emp-zk/emp-zk/emp-zk.h:5,
#15 147.2                  from /chall/emp-zk/test/arith/client.cpp:2:
#15 147.2 /chall/emp-zk/emp-zk/emp-zk-arith/ostriple.h:14:21: note: uint64_t leak_data::chi0 previously defined here
#15 147.2    14 |     static uint64_t chi0 = 0;
#15 147.2       |                     ^~~~
#15 147.2 /chall/emp-zk/test/arith/client.cpp:23:14: error: redefinition of uint64_t leak_data::ka_last
#15 147.2    23 |     uint64_t ka_last = 0;
#15 147.2       |              ^~~~~~~
#15 147.2 In file included from /chall/emp-zk/emp-zk/emp-zk-arith/polynomial.h:5,
#15 147.2                  from /chall/emp-zk/emp-zk/emp-zk-arith/int_fp.h:5,
#15 147.2                  from /chall/emp-zk/emp-zk/emp-zk-arith/conversion.h:4,
#15 147.2                  from /chall/emp-zk/emp-zk/emp-zk-arith/emp-zk-arith.h:3,
#15 147.2                  from /chall/emp-zk/emp-zk/emp-zk.h:5,
#15 147.2                  from /chall/emp-zk/test/arith/client.cpp:2:
#15 147.2 /chall/emp-zk/emp-zk/emp-zk-arith/ostriple.h:15:21: note: uint64_t leak_data::ka_last previously defined here
#15 147.2    15 |     static uint64_t ka_last = 0;
#15 147.2       |                     ^~~~~~~
#15 147.2 /chall/emp-zk/test/arith/client.cpp:24:14: error: redefinition of uint64_t leak_data::kb_last
#15 147.2    24 |     uint64_t kb_last = 0;
#15 147.2       |              ^~~~~~~
#15 147.2 In file included from /chall/emp-zk/emp-zk/emp-zk-arith/polynomial.h:5,
#15 147.2                  from /chall/emp-zk/emp-zk/emp-zk-arith/int_fp.h:5,
#15 147.2                  from /chall/emp-zk/emp-zk/emp-zk-arith/conversion.h:4,
#15 147.2                  from /chall/emp-zk/emp-zk/emp-zk-arith/emp-zk-arith.h:3,
#15 147.2                  from /chall/emp-zk/emp-zk/emp-zk.h:5,
#15 147.2                  from /chall/emp-zk/test/arith/client.cpp:2:
#15 147.2 /chall/emp-zk/emp-zk/emp-zk-arith/ostriple.h:16:21: note: uint64_t leak_data::kb_last previously defined here
#15 147.2    16 |     static uint64_t kb_last = 0;
#15 147.2       |                     ^~~~~~~
#15 147.2 /chall/emp-zk/test/arith/client.cpp:25:14: error: redefinition of uint64_t leak_data::kc_last
#15 147.2    25 |     uint64_t kc_last = 0;
#15 147.2       |              ^~~~~~~
#15 147.2 In file included from /chall/emp-zk/emp-zk/emp-zk-arith/polynomial.h:5,
#15 147.2                  from /chall/emp-zk/emp-zk/emp-zk-arith/int_fp.h:5,
#15 147.2                  from /chall/emp-zk/emp-zk/emp-zk-arith/conversion.h:4,
#15 147.2                  from /chall/emp-zk/emp-zk/emp-zk-arith/emp-zk-arith.h:3,
#15 147.2                  from /chall/emp-zk/emp-zk/emp-zk.h:5,
#15 147.2                  from /chall/emp-zk/test/arith/client.cpp:2:
#15 147.2 /chall/emp-zk/emp-zk/emp-zk-arith/ostriple.h:17:21: note: uint64_t leak_data::kc_last previously defined here
#15 147.2    17 |     static uint64_t kc_last = 0;
#15 147.2       |                     ^~~~~~~
#15 147.2 /chall/emp-zk/test/arith/client.cpp: In function int main(int, char**):
#15 147.2 /chall/emp-zk/test/arith/client.cpp:563:16: warning: structured bindings only available with -std=c++17 or -std=gnu++17
#15 147.2   563 |     for (auto& [xi, pi] : P_evals) {
#15 147.2       |                ^
#15 147.5 In file included from /chall/emp-zk/emp-zk/emp-zk-arith/polynomial.h:5,
#15 147.5                  from /chall/emp-zk/emp-zk/emp-zk-arith/int_fp.h:5,
#15 147.5                  from /chall/emp-zk/emp-zk/emp-zk-arith/conversion.h:4,
#15 147.5                  from /chall/emp-zk/emp-zk/emp-zk-arith/emp-zk-arith.h:3,
#15 147.5                  from /chall/emp-zk/emp-zk/emp-zk.h:5,
#15 147.5                  from /chall/emp-zk/test/arith/client.cpp:2:
#15 147.5 /chall/emp-zk/emp-zk/emp-zk-arith/ostriple.h: In instantiation of __int128 unsigned FpOSTriple<IO>::auth_compute_mul_send(__int128 unsigned, __int128 unsigned) [with IO = emp::BoolIO<emp::NetIO>]:
#15 147.5 /chall/emp-zk/emp-zk/emp-zk-arith/zk_fp_exec_prover.h:68:43:   required from __int128 unsigned ZKFpExecPrv<IO>::mul_gate(const __int128 unsigned&, const __int128 unsigned&) [with IO = emp::BoolIO<emp::NetIO>]
#15 147.5 /chall/emp-zk/emp-zk/emp-zk-arith/zk_fp_exec_prover.h:66:15:   required from here
#15 147.5 /chall/emp-zk/emp-zk/emp-zk-arith/ostriple.h:134:19: warning: comparison of integer expressions of different signedness: int and uint64_t {aka long unsigned int} [-Wsign-compare]
#15 147.5   134 |     if (check_cnt == CHECK_SZ) {
#15 147.5       |         ~~~~~~~~~~^~~~~~~~~~~
#15 147.5 /chall/emp-zk/emp-zk/emp-zk-arith/ostriple.h: In instantiation of __int128 unsigned FpOSTriple<IO>::auth_compute_mul_recv(__int128 unsigned, __int128 unsigned) [with IO = emp::BoolIO<emp::NetIO>]:
#15 147.5 /chall/emp-zk/emp-zk/emp-zk-arith/zk_fp_exec_verifier.h:65:43:   required from __int128 unsigned ZKFpExecVer<IO>::mul_gate(const __int128 unsigned&, const __int128 unsigned&) [with IO = emp::BoolIO<emp::NetIO>]
#15 147.5 /chall/emp-zk/emp-zk/emp-zk-arith/zk_fp_exec_verifier.h:63:15:   required from here
#15 147.5 /chall/emp-zk/emp-zk/emp-zk-arith/ostriple.h:156:19: warning: comparison of integer expressions of different signedness: int and uint64_t {aka long unsigned int} [-Wsign-compare]
#15 147.5   156 |     if (check_cnt == CHECK_SZ) {
#15 147.5       |         ~~~~~~~~~~^~~~~~~~~~~
#15 147.6 make[2]: *** [test/CMakeFiles/test_arith_client.dir/build.make:76: test/CMakeFiles/test_arith_client.dir/arith/client.cpp.o] Error 1
#15 147.6 make[1]: *** [CMakeFiles/Makefile2:406: test/CMakeFiles/test_arith_client.dir/all] Error 2
#15 147.6 make: *** [Makefile:146: all] Error 2
#15 147.6 Consolidate compiler generated dependencies of target emp-zk
#15 147.6 [ 12%] Built target emp-zk
#15 147.6 Consolidate compiler generated dependencies of target test_arith_abconversion
#15 147.6 [ 20%] Built target test_arith_abconversion
#15 147.6 Consolidate compiler generated dependencies of target test_arith_zk_proof
#15 147.6 [ 28%] Built target test_arith_zk_proof
#15 147.7 Consolidate compiler generated dependencies of target test_arith_ostriple
#15 147.7 [ 36%] Built target test_arith_ostriple
#15 147.7 Consolidate compiler generated dependencies of target test_arith_input_scalability
#15 147.7 [ 44%] Built target test_arith_input_scalability
#15 147.7 Consolidate compiler generated dependencies of target test_arith_circuit_scalability
#15 147.7 [ 52%] Built target test_arith_circuit_scalability
#15 147.7 Consolidate compiler generated dependencies of target test_arith_polynomial
#15 147.7 [ 60%] Built target test_arith_polynomial
#15 147.7 Consolidate compiler generated dependencies of target test_arith_inner_prdt
#15 147.7 [ 68%] Built target test_arith_inner_prdt
#15 147.7 Consolidate compiler generated dependencies of target test_arith_matrix_mul
#15 147.7 [ 76%] Built target test_arith_matrix_mul
#15 147.8 Consolidate compiler generated dependencies of target test_arith_sis
#15 147.8 [ 84%] Built target test_arith_sis
#15 147.8 Consolidate compiler generated dependencies of target test_arith_chall
#15 147.8 [ 92%] Built target test_arith_chall
#15 147.8 Consolidate compiler generated dependencies of target test_arith_client
#15 147.8 [ 96%] Building CXX object test/CMakeFiles/test_arith_client.dir/arith/client.cpp.o
#15 148.6 /chall/emp-zk/test/arith/client.cpp:16:16: error: redefinition of const uint64_t PR
#15 148.6    16 | const uint64_t PR = 2305843009213693951ULL; // 2^61 - 1
#15 148.6       |                ^~
#15 148.6 In file included from /chall/emp-zk/emp-zk/emp-vole/spfss_sender.h:3,
#15 148.6                  from /chall/emp-zk/emp-zk/emp-vole/emp-vole.h:1,
#15 148.6                  from /chall/emp-zk/emp-zk/emp-zk-arith/ostriple.h:4,
#15 148.6                  from /chall/emp-zk/emp-zk/emp-zk-arith/polynomial.h:5,
#15 148.6                  from /chall/emp-zk/emp-zk/emp-zk-arith/int_fp.h:5,
#15 148.6                  from /chall/emp-zk/emp-zk/emp-zk-arith/conversion.h:4,
#15 148.6                  from /chall/emp-zk/emp-zk/emp-zk-arith/emp-zk-arith.h:3,
#15 148.6                  from /chall/emp-zk/emp-zk/emp-zk.h:5,
#15 148.6                  from /chall/emp-zk/test/arith/client.cpp:2:
#15 148.6 /chall/emp-zk/emp-zk/emp-vole/utility.h:14:23: note: const uint64_t PR previously defined here
#15 148.6    14 | const static uint64_t PR = 2305843009213693951;
#15 148.6       |                       ^~
#15 148.6 /chall/emp-zk/test/arith/client.cpp:20:14: error: redefinition of uint64_t leak_data::U_raw
#15 148.6    20 |     uint64_t U_raw = 0;
#15 148.6       |              ^~~~~
#15 148.6 In file included from /chall/emp-zk/emp-zk/emp-zk-arith/polynomial.h:5,
#15 148.6                  from /chall/emp-zk/emp-zk/emp-zk-arith/int_fp.h:5,
#15 148.6                  from /chall/emp-zk/emp-zk/emp-zk-arith/conversion.h:4,
#15 148.6                  from /chall/emp-zk/emp-zk/emp-zk-arith/emp-zk-arith.h:3,
#15 148.6                  from /chall/emp-zk/emp-zk/emp-zk.h:5,
#15 148.6                  from /chall/emp-zk/test/arith/client.cpp:2:
#15 148.6 /chall/emp-zk/emp-zk/emp-zk-arith/ostriple.h:12:21: note: uint64_t leak_data::U_raw previously defined here
#15 148.6    12 |     static uint64_t U_raw = 0;
#15 148.6       |                     ^~~~~
#15 148.6 /chall/emp-zk/test/arith/client.cpp:21:14: error: redefinition of uint64_t leak_data::V_raw
#15 148.6    21 |     uint64_t V_raw = 0;
#15 148.6       |              ^~~~~
#15 148.6 In file included from /chall/emp-zk/emp-zk/emp-zk-arith/polynomial.h:5,
#15 148.6                  from /chall/emp-zk/emp-zk/emp-zk-arith/int_fp.h:5,
#15 148.6                  from /chall/emp-zk/emp-zk/emp-zk-arith/conversion.h:4,
#15 148.6                  from /chall/emp-zk/emp-zk/emp-zk-arith/emp-zk-arith.h:3,
#15 148.6                  from /chall/emp-zk/emp-zk/emp-zk.h:5,
#15 148.6                  from /chall/emp-zk/test/arith/client.cpp:2:
#15 148.6 /chall/emp-zk/emp-zk/emp-zk-arith/ostriple.h:13:21: note: uint64_t leak_data::V_raw previously defined here
#15 148.6    13 |     static uint64_t V_raw = 0;
#15 148.6       |                     ^~~~~
#15 148.6 /chall/emp-zk/test/arith/client.cpp:22:14: error: redefinition of uint64_t leak_data::chi0
#15 148.6    22 |     uint64_t chi0 = 0;
#15 148.6       |              ^~~~
#15 148.6 In file included from /chall/emp-zk/emp-zk/emp-zk-arith/polynomial.h:5,
#15 148.6                  from /chall/emp-zk/emp-zk/emp-zk-arith/int_fp.h:5,
#15 148.6                  from /chall/emp-zk/emp-zk/emp-zk-arith/conversion.h:4,
#15 148.6                  from /chall/emp-zk/emp-zk/emp-zk-arith/emp-zk-arith.h:3,
#15 148.6                  from /chall/emp-zk/emp-zk/emp-zk.h:5,
#15 148.6                  from /chall/emp-zk/test/arith/client.cpp:2:
#15 148.6 /chall/emp-zk/emp-zk/emp-zk-arith/ostriple.h:14:21: note: uint64_t leak_data::chi0 previously defined here
#15 148.6    14 |     static uint64_t chi0 = 0;
#15 148.6       |                     ^~~~
#15 148.6 /chall/emp-zk/test/arith/client.cpp:23:14: error: redefinition of uint64_t leak_data::ka_last
#15 148.6    23 |     uint64_t ka_last = 0;
#15 148.6       |              ^~~~~~~
#15 148.6 In file included from /chall/emp-zk/emp-zk/emp-zk-arith/polynomial.h:5,
#15 148.6                  from /chall/emp-zk/emp-zk/emp-zk-arith/int_fp.h:5,
#15 148.6                  from /chall/emp-zk/emp-zk/emp-zk-arith/conversion.h:4,
#15 148.6                  from /chall/emp-zk/emp-zk/emp-zk-arith/emp-zk-arith.h:3,
#15 148.6                  from /chall/emp-zk/emp-zk/emp-zk.h:5,
#15 148.6                  from /chall/emp-zk/test/arith/client.cpp:2:
#15 148.6 /chall/emp-zk/emp-zk/emp-zk-arith/ostriple.h:15:21: note: uint64_t leak_data::ka_last previously defined here
#15 148.6    15 |     static uint64_t ka_last = 0;
#15 148.6       |                     ^~~~~~~
#15 148.6 /chall/emp-zk/test/arith/client.cpp:24:14: error: redefinition of uint64_t leak_data::kb_last
#15 148.6    24 |     uint64_t kb_last = 0;
#15 148.6       |              ^~~~~~~
#15 148.6 In file included from /chall/emp-zk/emp-zk/emp-zk-arith/polynomial.h:5,
#15 148.6                  from /chall/emp-zk/emp-zk/emp-zk-arith/int_fp.h:5,
#15 148.6                  from /chall/emp-zk/emp-zk/emp-zk-arith/conversion.h:4,
#15 148.6                  from /chall/emp-zk/emp-zk/emp-zk-arith/emp-zk-arith.h:3,
#15 148.6                  from /chall/emp-zk/emp-zk/emp-zk.h:5,
#15 148.6                  from /chall/emp-zk/test/arith/client.cpp:2:
#15 148.6 /chall/emp-zk/emp-zk/emp-zk-arith/ostriple.h:16:21: note: uint64_t leak_data::kb_last previously defined here
#15 148.6    16 |     static uint64_t kb_last = 0;
#15 148.6       |                     ^~~~~~~
#15 148.6 /chall/emp-zk/test/arith/client.cpp:25:14: error: redefinition of uint64_t leak_data::kc_last
#15 148.6    25 |     uint64_t kc_last = 0;
#15 148.6       |              ^~~~~~~
#15 148.6 In file included from /chall/emp-zk/emp-zk/emp-zk-arith/polynomial.h:5,
#15 148.6                  from /chall/emp-zk/emp-zk/emp-zk-arith/int_fp.h:5,
#15 148.6                  from /chall/emp-zk/emp-zk/emp-zk-arith/conversion.h:4,
#15 148.6                  from /chall/emp-zk/emp-zk/emp-zk-arith/emp-zk-arith.h:3,
#15 148.6                  from /chall/emp-zk/emp-zk/emp-zk.h:5,
#15 148.6                  from /chall/emp-zk/test/arith/client.cpp:2:
#15 148.6 /chall/emp-zk/emp-zk/emp-zk-arith/ostriple.h:17:21: note: uint64_t leak_data::kc_last previously defined here
#15 148.6    17 |     static uint64_t kc_last = 0;
#15 148.6       |                     ^~~~~~~
#15 148.7 /chall/emp-zk/test/arith/client.cpp: In function int main(int, char**):
#15 148.7 /chall/emp-zk/test/arith/client.cpp:563:16: warning: structured bindings only available with -std=c++17 or -std=gnu++17
#15 148.7   563 |     for (auto& [xi, pi] : P_evals) {
#15 148.7       |                ^
#15 149.0 In file included from /chall/emp-zk/emp-zk/emp-zk-arith/polynomial.h:5,
#15 149.0                  from /chall/emp-zk/emp-zk/emp-zk-arith/int_fp.h:5,
#15 149.0                  from /chall/emp-zk/emp-zk/emp-zk-arith/conversion.h:4,
#15 149.0                  from /chall/emp-zk/emp-zk/emp-zk-arith/emp-zk-arith.h:3,
#15 149.0                  from /chall/emp-zk/emp-zk/emp-zk.h:5,
#15 149.0                  from /chall/emp-zk/test/arith/client.cpp:2:
#15 149.0 /chall/emp-zk/emp-zk/emp-zk-arith/ostriple.h: In instantiation of __int128 unsigned FpOSTriple<IO>::auth_compute_mul_send(__int128 unsigned, __int128 unsigned) [with IO = emp::BoolIO<emp::NetIO>]:
#15 149.0 /chall/emp-zk/emp-zk/emp-zk-arith/zk_fp_exec_prover.h:68:43:   required from __int128 unsigned ZKFpExecPrv<IO>::mul_gate(const __int128 unsigned&, const __int128 unsigned&) [with IO = emp::BoolIO<emp::NetIO>]
#15 149.0 /chall/emp-zk/emp-zk/emp-zk-arith/zk_fp_exec_prover.h:66:15:   required from here
#15 149.0 /chall/emp-zk/emp-zk/emp-zk-arith/ostriple.h:134:19: warning: comparison of integer expressions of different signedness: int and uint64_t {aka long unsigned int} [-Wsign-compare]
#15 149.0   134 |     if (check_cnt == CHECK_SZ) {
#15 149.0       |         ~~~~~~~~~~^~~~~~~~~~~
#15 149.0 /chall/emp-zk/emp-zk/emp-zk-arith/ostriple.h: In instantiation of __int128 unsigned FpOSTriple<IO>::auth_compute_mul_recv(__int128 unsigned, __int128 unsigned) [with IO = emp::BoolIO<emp::NetIO>]:
#15 149.0 /chall/emp-zk/emp-zk/emp-zk-arith/zk_fp_exec_verifier.h:65:43:   required from __int128 unsigned ZKFpExecVer<IO>::mul_gate(const __int128 unsigned&, const __int128 unsigned&) [with IO = emp::BoolIO<emp::NetIO>]
#15 149.0 /chall/emp-zk/emp-zk/emp-zk-arith/zk_fp_exec_verifier.h:63:15:   required from here
#15 149.0 /chall/emp-zk/emp-zk/emp-zk-arith/ostriple.h:156:19: warning: comparison of integer expressions of different signedness: int and uint64_t {aka long unsigned int} [-Wsign-compare]
#15 149.0   156 |     if (check_cnt == CHECK_SZ) {
#15 149.0       |         ~~~~~~~~~~^~~~~~~~~~~
#15 149.1 make[2]: *** [test/CMakeFiles/test_arith_client.dir/build.make:76: test/CMakeFiles/test_arith_client.dir/arith/client.cpp.o] Error 1
#15 149.1 make[1]: *** [CMakeFiles/Makefile2:406: test/CMakeFiles/test_arith_client.dir/all] Error 2
#15 149.1 make: *** [Makefile:146: all] Error 2
#15 149.1 
#15 149.1 cd emp-tool
#15 149.1 cmake .
#15 149.1 make
#15 149.1 make install
#15 149.1 cd ..
#15 149.1 
#15 149.1 
#15 149.1 cd emp-ot
#15 149.1 cmake .
#15 149.1 make
#15 149.1 make install
#15 149.1 cd ..
#15 149.1 
#15 149.1 
#15 149.1 cd emp-zk
#15 149.1 cmake .
#15 149.1 make
#15 149.1 make install
#15 149.1 cd ..
#15 149.1 
#15 DONE 149.1s

#16 [stage-1 3/3] COPY --from=build /chall/emp-zk/bin/test_arith_client /exploit
#16 ERROR: failed to calculate checksum of ref i15ccs814ie2xt3zb78q5eoov::iwba3oe28xkm6g7bjvdq4wc13: "/chall/emp-zk/bin/test_arith_client": not found
------
 > [stage-1 3/3] COPY --from=build /chall/emp-zk/bin/test_arith_client /exploit:
------
Dockerfile.exploit:30
--------------------
  28 |         && rm -rf /var/lib/apt/lists/*
  29 |     
  30 | >>> COPY --from=build /chall/emp-zk/bin/test_arith_client /exploit
  31 |     
  32 |     ENTRYPOINT ["/exploit"]
--------------------
ERROR: failed to build: failed to solve: failed to compute cache key: failed to calculate checksum of ref i15ccs814ie2xt3zb78q5eoov::iwba3oe28xkm6g7bjvdq4wc13: "/chall/emp-zk/bin/test_arith_client": not found
